#
# There is insufficient memory for the Java Runtime Environment to continue.
# Native memory allocation (mmap) failed to map 250609664 bytes for committing reserved memory.
# Possible reasons:
#   The system is out of physical RAM or swap space
#   In 32 bit mode, the process size limit was hit
# Possible solutions:
#   Reduce memory load on the system
#   Increase physical memory or swap space
#   Check if swap backing store is full
#   Use 64 bit Java on a 64 bit OS
#   Decrease Java heap size (-Xmx/-Xms)
#   Decrease number of Java threads
#   Decrease Java thread stack sizes (-Xss)
#   Set larger code cache with -XX:ReservedCodeCacheSize=
# This output file may be truncated or incomplete.
#
#  Out of Memory Error (os_linux.cpp:2640), pid=16907, tid=0x00007f4ac5ee6700
#
# JRE version: Java(TM) SE Runtime Environment (8.0_171-b11) (build 1.8.0_171-b11)
# Java VM: Java HotSpot(TM) 64-Bit Server VM (25.171-b11 mixed mode linux-amd64 compressed oops)
# Failed to write core dump. Core dumps have been disabled. To enable core dumping, try "ulimit -c unlimited" before starting Java again
#

---------------  T H R E A D  ---------------

Current thread (0x00007f4adc1d7000):  VMThread [stack: 0x00007f4ac5de7000,0x00007f4ac5ee7000] [id=16927]

Stack: [0x00007f4ac5de7000,0x00007f4ac5ee7000],  sp=0x00007f4ac5ee5120,  free space=1016k
Native frames: (J=compiled Java code, j=interpreted, Vv=VM code, C=native code)
V  [libjvm.so+0xacfffa]  VMError::report_and_die()+0x2ba
V  [libjvm.so+0x5005cb]  report_vm_out_of_memory(char const*, int, unsigned long, VMErrorType, char const*)+0x8b
V  [libjvm.so+0x92dd93]  os::Linux::commit_memory_impl(char*, unsigned long, bool)+0x123
V  [libjvm.so+0x92dfb9]  os::pd_commit_memory(char*, unsigned long, unsigned long, bool)+0x29
V  [libjvm.so+0x92527a]  os::commit_memory(char*, unsigned long, unsigned long, bool)+0x2a
V  [libjvm.so+0x99b223]  PSVirtualSpace::expand_by(unsigned long)+0x53
V  [libjvm.so+0x99c628]  PSYoungGen::resize_generation(unsigned long, unsigned long)+0xf8
V  [libjvm.so+0x99b782]  PSYoungGen::resize(unsigned long, unsigned long)+0x22
V  [libjvm.so+0x998a5b]  PSScavenge::invoke_no_policy()+0xf3b
V  [libjvm.so+0x993d05]  PSParallelCompact::invoke(bool)+0x85
V  [libjvm.so+0x487124]  CollectedHeap::collect_as_vm_thread(GCCause::Cause)+0x114
V  [libjvm.so+0xad1481]  VM_CollectForMetadataAllocation::doit()+0x161
V  [libjvm.so+0xad9595]  VM_Operation::evaluate()+0x55
V  [libjvm.so+0xad795a]  VMThread::evaluate_operation(VM_Operation*)+0xba
V  [libjvm.so+0xad7cde]  VMThread::loop()+0x1ce
V  [libjvm.so+0xad8150]  VMThread::run()+0x70
V  [libjvm.so+0x92e0f8]  java_start(Thread*)+0x108

VM_Operation (0x00007f4ac4942e20): CollectForMetadataAllocation, mode: safepoint, requested by thread 0x00007f4a5c003800


---------------  P R O C E S S  ---------------

Java Threads: ( => current thread )
  0x00007f4a5c003800 JavaThread "restartedMain" [_thread_blocked, id=16949, stack(0x00007f4ac4846000,0x00007f4ac4947000)]
  0x00007f4adcd3c800 JavaThread "Thread-0" [_thread_blocked, id=16948, stack(0x00007f4ac4947000,0x00007f4ac4a48000)]
  0x00007f4adc96f000 JavaThread "Service Thread" daemon [_thread_blocked, id=16942, stack(0x00007f4ac4b53000,0x00007f4ac4c54000)]
  0x00007f4adc96c000 JavaThread "C1 CompilerThread3" daemon [_thread_blocked, id=16941, stack(0x00007f4ac4c55000,0x00007f4ac4d55000)]
  0x00007f4adc96a800 JavaThread "C2 CompilerThread2" daemon [_thread_blocked, id=16940, stack(0x00007f4ac4d56000,0x00007f4ac4e56000)]
  0x00007f4adc968000 JavaThread "C2 CompilerThread1" daemon [_thread_in_native, id=16939, stack(0x00007f4ac4e57000,0x00007f4ac4f57000)]
  0x00007f4adc966800 JavaThread "C2 CompilerThread0" daemon [_thread_in_native, id=16938, stack(0x00007f4ac516f000,0x00007f4ac526f000)]
  0x00007f4adc965000 JavaThread "Monitor Ctrl-Break" daemon [_thread_in_native, id=16937, stack(0x00007f4ac526f000,0x00007f4ac5370000)]
  0x00007f4adc217000 JavaThread "Signal Dispatcher" daemon [_thread_blocked, id=16936, stack(0x00007f4ac5804000,0x00007f4ac5905000)]
  0x00007f4adc1e3000 JavaThread "Finalizer" daemon [_thread_blocked, id=16935, stack(0x00007f4ac5be4000,0x00007f4ac5ce5000)]
  0x00007f4adc1de800 JavaThread "Reference Handler" daemon [_thread_blocked, id=16932, stack(0x00007f4ac5ce5000,0x00007f4ac5de6000)]
  0x00007f4adc00f800 JavaThread "main" [_thread_blocked, id=16910, stack(0x00007f4ae474b000,0x00007f4ae484b000)]

Other Threads:
=>0x00007f4adc1d7000 VMThread [stack: 0x00007f4ac5de7000,0x00007f4ac5ee7000] [id=16927]
  0x00007f4adc974800 WatcherThread [stack: 0x00007f4ac4a53000,0x00007f4ac4b53000] [id=16943]

VM state:at safepoint (normal execution)

VM Mutex/Monitor currently owned by a thread:  ([mutex/lock_event])
[0x00007f4adc00bf60] Threads_lock - owner thread: 0x00007f4adc1d7000
[0x00007f4adc00c460] Heap_lock - owner thread: 0x00007f4a5c003800

Heap:
 PSYoungGen      total 432640K, used 17776K [0x000000076d300000, 0x0000000789480000, 0x00000007c0000000)
  eden space 412672K, 0% used [0x000000076d300000,0x000000076d300000,0x0000000786600000)
  from space 19968K, 89% used [0x0000000786600000,0x000000078775c380,0x0000000787980000)
  to   space 17408K, 0% used [0x0000000787980000,0x0000000787980000,0x0000000788a80000)
 ParOldGen       total 96256K, used 12101K [0x00000006c7800000, 0x00000006cd600000, 0x000000076d300000)
  object space 96256K, 12% used [0x00000006c7800000,0x00000006c83d1670,0x00000006cd600000)
 Metaspace       used 34755K, capacity 35376K, committed 35456K, reserved 1079296K
  class space    used 4566K, capacity 4736K, committed 4736K, reserved 1048576K

Card table byte_map: [0x00007f4ae0a56000,0x00007f4ae121b000] byte_map_base: 0x00007f4add41a000

Marking Bits: (ParMarkBitMap*) 0x00007f4ae3bf4280
 Begin Bits: [0x00007f4a903c0000, 0x00007f4a941e0000)
 End Bits:   [0x00007f4a941e0000, 0x00007f4a98000000)

Polling page: 0x00007f4ae4871000

CodeCache: size=245760Kb used=12265Kb max_used=12936Kb free=233494Kb
 bounds [0x00007f4acd000000, 0x00007f4acdce0000, 0x00007f4adc000000]
 total_blobs=3623 nmethods=3206 adapters=330
 compilation: enabled

Compilation events (10 events):
Event: 6,420 Thread 0x00007f4adc96c000 nmethod 3799 0x00007f4acd248110 code [0x00007f4acd2482c0, 0x00007f4acd248748]
Event: 6,420 Thread 0x00007f4adc96c000 3801   !   3       org.springframework.cglib.core.CodeEmitter::process_switch (301 bytes)
Event: 6,422 Thread 0x00007f4adc96c000 nmethod 3801 0x00007f4acd40d690 code [0x00007f4acd40da00, 0x00007f4acd40fc68]
Event: 6,422 Thread 0x00007f4adc96c000 3800       3       org.springframework.cglib.core.EmitUtils::begin_method (14 bytes)
Event: 6,422 Thread 0x00007f4adc96c000 nmethod 3800 0x00007f4acd741ed0 code [0x00007f4acd742060, 0x00007f4acd7423e8]
Event: 6,422 Thread 0x00007f4adc96c000 3802       3       java.util.concurrent.atomic.AtomicInteger::getAndAdd (12 bytes)
Event: 6,422 Thread 0x00007f4adc96c000 nmethod 3802 0x00007f4acd802950 code [0x00007f4acd802aa0, 0x00007f4acd802bf0]
Event: 6,422 Thread 0x00007f4adc96c000 3803       3       java.lang.ThreadLocal::<init> (12 bytes)
Event: 6,422 Thread 0x00007f4adc96c000 nmethod 3803 0x00007f4acd6f2010 code [0x00007f4acd6f2180, 0x00007f4acd6f2490]
Event: 6,422 Thread 0x00007f4adc96c000 3805       3       org.springframework.cglib.proxy.Enhancer$EnhancerKey$$KeyFactoryByCGLIB$$4ce19e8f::hashCode (193 bytes)

GC Heap History (10 events):
Event: 2,338 GC heap after
Heap after GC invocations=3 (full 0):
 PSYoungGen      total 139264K, used 10218K [0x000000076d300000, 0x000000077e300000, 0x00000007c0000000)
  eden space 129024K, 0% used [0x000000076d300000,0x000000076d300000,0x0000000775100000)
  from space 10240K, 99% used [0x0000000775100000,0x0000000775afabe0,0x0000000775b00000)
  to   space 10240K, 0% used [0x000000077d900000,0x000000077d900000,0x000000077e300000)
 ParOldGen       total 171008K, used 2056K [0x00000006c7800000, 0x00000006d1f00000, 0x000000076d300000)
  object space 171008K, 1% used [0x00000006c7800000,0x00000006c7a02038,0x00000006d1f00000)
 Metaspace       used 19039K, capacity 19298K, committed 19584K, reserved 1067008K
  class space    used 2332K, capacity 2365K, committed 2432K, reserved 1048576K
}
Event: 2,522 GC heap before
{Heap before GC invocations=4 (full 0):
 PSYoungGen      total 139264K, used 40306K [0x000000076d300000, 0x000000077e300000, 0x00000007c0000000)
  eden space 129024K, 23% used [0x000000076d300000,0x000000076f061cd0,0x0000000775100000)
  from space 10240K, 99% used [0x0000000775100000,0x0000000775afabe0,0x0000000775b00000)
  to   space 10240K, 0% used [0x000000077d900000,0x000000077d900000,0x000000077e300000)
 ParOldGen       total 171008K, used 2056K [0x00000006c7800000, 0x00000006d1f00000, 0x000000076d300000)
  object space 171008K, 1% used [0x00000006c7800000,0x00000006c7a02038,0x00000006d1f00000)
 Metaspace       used 20832K, capacity 21144K, committed 21296K, reserved 1069056K
  class space    used 2562K, capacity 2640K, committed 2688K, reserved 1048576K
Event: 2,534 GC heap after
Heap after GC invocations=4 (full 0):
 PSYoungGen      total 268288K, used 6552K [0x000000076d300000, 0x000000077e300000, 0x00000007c0000000)
  eden space 258048K, 0% used [0x000000076d300000,0x000000076d300000,0x000000077cf00000)
  from space 10240K, 63% used [0x000000077d900000,0x000000077df66258,0x000000077e300000)
  to   space 10240K, 0% used [0x000000077cf00000,0x000000077cf00000,0x000000077d900000)
 ParOldGen       total 171008K, used 2064K [0x00000006c7800000, 0x00000006d1f00000, 0x000000076d300000)
  object space 171008K, 1% used [0x00000006c7800000,0x00000006c7a04038,0x00000006d1f00000)
 Metaspace       used 20832K, capacity 21144K, committed 21296K, reserved 1069056K
  class space    used 2562K, capacity 2640K, committed 2688K, reserved 1048576K
}
Event: 2,534 GC heap before
{Heap before GC invocations=5 (full 1):
 PSYoungGen      total 268288K, used 6552K [0x000000076d300000, 0x000000077e300000, 0x00000007c0000000)
  eden space 258048K, 0% used [0x000000076d300000,0x000000076d300000,0x000000077cf00000)
  from space 10240K, 63% used [0x000000077d900000,0x000000077df66258,0x000000077e300000)
  to   space 10240K, 0% used [0x000000077cf00000,0x000000077cf00000,0x000000077d900000)
 ParOldGen       total 171008K, used 2064K [0x00000006c7800000, 0x00000006d1f00000, 0x000000076d300000)
  object space 171008K, 1% used [0x00000006c7800000,0x00000006c7a04038,0x00000006d1f00000)
 Metaspace       used 20832K, capacity 21144K, committed 21296K, reserved 1069056K
  class space    used 2562K, capacity 2640K, committed 2688K, reserved 1048576K
Event: 2,579 GC heap after
Heap after GC invocations=5 (full 1):
 PSYoungGen      total 268288K, used 0K [0x000000076d300000, 0x000000077e300000, 0x00000007c0000000)
  eden space 258048K, 0% used [0x000000076d300000,0x000000076d300000,0x000000077cf00000)
  from space 10240K, 0% used [0x000000077d900000,0x000000077d900000,0x000000077e300000)
  to   space 10240K, 0% used [0x000000077cf00000,0x000000077cf00000,0x000000077d900000)
 ParOldGen       total 96256K, used 6499K [0x00000006c7800000, 0x00000006cd600000, 0x000000076d300000)
  object space 96256K, 6% used [0x00000006c7800000,0x00000006c7e58f90,0x00000006cd600000)
 Metaspace       used 20832K, capacity 21144K, committed 21296K, reserved 1069056K
  class space    used 2562K, capacity 2640K, committed 2688K, reserved 1048576K
}
Event: 4,271 GC heap before
{Heap before GC invocations=6 (full 1):
 PSYoungGen      total 268288K, used 258048K [0x000000076d300000, 0x000000077e300000, 0x00000007c0000000)
  eden space 258048K, 100% used [0x000000076d300000,0x000000077cf00000,0x000000077cf00000)
  from space 10240K, 0% used [0x000000077d900000,0x000000077d900000,0x000000077e300000)
  to   space 10240K, 0% used [0x000000077cf00000,0x000000077cf00000,0x000000077d900000)
 ParOldGen       total 96256K, used 6499K [0x00000006c7800000, 0x00000006cd600000, 0x000000076d300000)
  object space 96256K, 6% used [0x00000006c7800000,0x00000006c7e58f90,0x00000006cd600000)
 Metaspace       used 28568K, capacity 29070K, committed 29440K, reserved 1075200K
  class space    used 3609K, capacity 3735K, committed 3840K, reserved 1048576K
Event: 4,292 GC heap after
Heap after GC invocations=6 (full 1):
 PSYoungGen      total 268288K, used 10218K [0x000000076d300000, 0x0000000788a80000, 0x00000007c0000000)
  eden space 258048K, 0% used [0x000000076d300000,0x000000076d300000,0x000000077cf00000)
  from space 10240K, 99% used [0x000000077cf00000,0x000000077d8fa938,0x000000077d900000)
  to   space 17408K, 0% used [0x0000000787980000,0x0000000787980000,0x0000000788a80000)
 ParOldGen       total 96256K, used 12093K [0x00000006c7800000, 0x00000006cd600000, 0x000000076d300000)
  object space 96256K, 12% used [0x00000006c7800000,0x00000006c83cf670,0x00000006cd600000)
 Metaspace       used 28568K, capacity 29070K, committed 29440K, reserved 1075200K
  class space    used 3609K, capacity 3735K, committed 3840K, reserved 1048576K
}
Event: 5,168 GC heap before
{Heap before GC invocations=7 (full 1):
 PSYoungGen      total 268288K, used 268266K [0x000000076d300000, 0x0000000788a80000, 0x00000007c0000000)
  eden space 258048K, 100% used [0x000000076d300000,0x000000077cf00000,0x000000077cf00000)
  from space 10240K, 99% used [0x000000077cf00000,0x000000077d8fa938,0x000000077d900000)
  to   space 17408K, 0% used [0x0000000787980000,0x0000000787980000,0x0000000788a80000)
 ParOldGen       total 96256K, used 12093K [0x00000006c7800000, 0x00000006cd600000, 0x000000076d300000)
  object space 96256K, 12% used [0x00000006c7800000,0x00000006c83cf670,0x00000006cd600000)
 Metaspace       used 31314K, capacity 31888K, committed 32128K, reserved 1077248K
  class space    used 4010K, capacity 4169K, committed 4224K, reserved 1048576K
Event: 5,202 GC heap after
Heap after GC invocations=7 (full 1):
 PSYoungGen      total 430080K, used 16237K [0x000000076d300000, 0x0000000789480000, 0x00000007c0000000)
  eden space 412672K, 0% used [0x000000076d300000,0x000000076d300000,0x0000000786600000)
  from space 17408K, 93% used [0x0000000787980000,0x000000078895b768,0x0000000788a80000)
  to   space 19968K, 0% used [0x0000000786600000,0x0000000786600000,0x0000000787980000)
 ParOldGen       total 96256K, used 12101K [0x00000006c7800000, 0x00000006cd600000, 0x000000076d300000)
  object space 96256K, 12% used [0x00000006c7800000,0x00000006c83d1670,0x00000006cd600000)
 Metaspace       used 31314K, capacity 31888K, committed 32128K, reserved 1077248K
  class space    used 4010K, capacity 4169K, committed 4224K, reserved 1048576K
}
Event: 6,423 GC heap before
{Heap before GC invocations=8 (full 1):
 PSYoungGen      total 430080K, used 183926K [0x000000076d300000, 0x0000000789480000, 0x00000007c0000000)
  eden space 412672K, 40% used [0x000000076d300000,0x00000007776c2468,0x0000000786600000)
  from space 17408K, 93% used [0x0000000787980000,0x000000078895b768,0x0000000788a80000)
  to   space 19968K, 0% used [0x0000000786600000,0x0000000786600000,0x0000000787980000)
 ParOldGen       total 96256K, used 12101K [0x00000006c7800000, 0x00000006cd600000, 0x000000076d300000)
  object space 96256K, 12% used [0x00000006c7800000,0x00000006c83d1670,0x00000006cd600000)
 Metaspace       used 34755K, capacity 35376K, committed 35456K, reserved 1079296K
  class space    used 4566K, capacity 4736K, committed 4736K, reserved 1048576K

Deoptimization events (10 events):
Event: 3,786 Thread 0x00007f4a5c003800 Uncommon trap: reason=unstable_if action=reinterpret pc=0x00007f4acd949ea8 method=org.springframework.beans.factory.support.AbstractAutowireCapableBeanFactory.determineTargetType(Ljava/lang/String;Lorg/springframework/beans/factory/support/RootBeanDefinit
Event: 3,829 Thread 0x00007f4a5c003800 Uncommon trap: reason=unstable_if action=reinterpret pc=0x00007f4acd9b54c8 method=java.util.HashMap$HashIterator.<init>(Ljava/util/HashMap;)V @ 45
Event: 3,911 Thread 0x00007f4a5c003800 Uncommon trap: reason=unstable_if action=reinterpret pc=0x00007f4acda5f3d0 method=org.springframework.asm.ClassReader.readUTF(II[C)Ljava/lang/String; @ 77
Event: 3,913 Thread 0x00007f4a5c003800 Uncommon trap: reason=unstable_if action=reinterpret pc=0x00007f4acd8509b0 method=org.springframework.asm.ClassReader.readUTF(II[C)Ljava/lang/String; @ 77
Event: 4,293 Thread 0x00007f4adc1e3000 Uncommon trap: reason=unstable_if action=reinterpret pc=0x00007f4acd8029f4 method=java.util.HashMap$HashIterator.<init>(Ljava/util/HashMap;)V @ 45
Event: 4,596 Thread 0x00007f4a5c003800 Uncommon trap: reason=unstable_if action=reinterpret pc=0x00007f4acdba13f4 method=java.util.regex.Pattern.split(Ljava/lang/CharSequence;I)[Ljava/lang/String; @ 63
Event: 5,079 Thread 0x00007f4a5c003800 Uncommon trap: reason=bimorphic action=maybe_recompile pc=0x00007f4acdc5b7dc method=org.springframework.asm.ClassReader.readCode(Lorg/springframework/asm/MethodVisitor;Lorg/springframework/asm/Context;I)V @ 2818
Event: 5,079 Thread 0x00007f4a5c003800 Uncommon trap: reason=bimorphic action=maybe_recompile pc=0x00007f4acdc5b7dc method=org.springframework.asm.ClassReader.readCode(Lorg/springframework/asm/MethodVisitor;Lorg/springframework/asm/Context;I)V @ 2818
Event: 5,079 Thread 0x00007f4a5c003800 Uncommon trap: reason=bimorphic action=maybe_recompile pc=0x00007f4acdc5b7dc method=org.springframework.asm.ClassReader.readCode(Lorg/springframework/asm/MethodVisitor;Lorg/springframework/asm/Context;I)V @ 2818
Event: 5,080 Thread 0x00007f4a5c003800 Uncommon trap: reason=bimorphic action=maybe_recompile pc=0x00007f4acdc5b7dc method=org.springframework.asm.ClassReader.readCode(Lorg/springframework/asm/MethodVisitor;Lorg/springframework/asm/Context;I)V @ 2818

Classes redefined (0 events):
No events

Internal exceptions (10 events):
Event: 3,398 Thread 0x00007f4a5c003800 Exception <a 'java/lang/ClassNotFoundException': org/springframework/cloud/consul/ConsulEndpointCustomizer> (0x000000077474bf90) thrown at [/HUDSON/workspace/8-2-build-linux-amd64/jdk8u171/10807/hotspot/src/share/vm/classfile/systemDictionary.cpp, line 21
Event: 3,399 Thread 0x00007f4a5c003800 Exception <a 'java/lang/ClassNotFoundException': org/springframework/boot/actuate/endpoint/EndpointCustomizer> (0x0000000774787358) thrown at [/HUDSON/workspace/8-2-build-linux-amd64/jdk8u171/10807/hotspot/src/share/vm/classfile/systemDictionary.cpp, line
Event: 3,399 Thread 0x00007f4a5c003800 Exception <a 'java/lang/ClassNotFoundException': org/springframework/context/EnvironmentAwareCustomizer> (0x00000007747b9b58) thrown at [/HUDSON/workspace/8-2-build-linux-amd64/jdk8u171/10807/hotspot/src/share/vm/classfile/systemDictionary.cpp, line 210]
Event: 3,409 Thread 0x00007f4a5c003800 Exception <a 'java/lang/ClassNotFoundException': java/lang/ObjectCustomizer> (0x000000077488a060) thrown at [/HUDSON/workspace/8-2-build-linux-amd64/jdk8u171/10807/hotspot/src/share/vm/classfile/systemDictionary.cpp, line 210]
Event: 3,410 Thread 0x00007f4a5c003800 Exception <a 'java/lang/ClassNotFoundException': org/springframework/boot/actuate/health/AbstractHealthIndicatorCustomizer> (0x00000007748c6b80) thrown at [/HUDSON/workspace/8-2-build-linux-amd64/jdk8u171/10807/hotspot/src/share/vm/classfile/systemDiction
Event: 3,410 Thread 0x00007f4a5c003800 Exception <a 'java/lang/ClassNotFoundException': org/springframework/cloud/consul/ConsulHealthIndicatorCustomizer> (0x00000007748fcfc0) thrown at [/HUDSON/workspace/8-2-build-linux-amd64/jdk8u171/10807/hotspot/src/share/vm/classfile/systemDictionary.cpp, 
Event: 3,411 Thread 0x00007f4a5c003800 Exception <a 'java/lang/ClassNotFoundException': org/springframework/boot/actuate/health/HealthIndicatorCustomizer> (0x0000000774933930) thrown at [/HUDSON/workspace/8-2-build-linux-amd64/jdk8u171/10807/hotspot/src/share/vm/classfile/systemDictionary.cpp,
Event: 3,570 Thread 0x00007f4a5c003800 Exception <a 'java/lang/ClassNotFoundException': java/lang/ObjectCustomizer> (0x0000000775f2d210) thrown at [/HUDSON/workspace/8-2-build-linux-amd64/jdk8u171/10807/hotspot/src/share/vm/classfile/systemDictionary.cpp, line 210]
Event: 3,570 Thread 0x00007f4a5c003800 Exception <a 'java/lang/ClassNotFoundException': org/springframework/boot/yaml/SpringProfileDocumentMatcher$SpringPropertiesCustomizer> (0x0000000775f70f60) thrown at [/HUDSON/workspace/8-2-build-linux-amd64/jdk8u171/10807/hotspot/src/share/vm/classfile/s
Event: 3,780 Thread 0x00007f4a5c003800 Implicit null exception at 0x00007f4acd8fc72f to 0x00007f4acd8ff2c5

Events (10 events):
Event: 6,278 loading class org/springframework/security/authentication/AuthenticationProvider done
Event: 6,383 loading class com/rometools/rome/feed/WireFeed
Event: 6,383 loading class com/rometools/rome/feed/WireFeed done
Event: 6,383 loading class com/rometools/rome/feed$WireFeed
Event: 6,383 loading class com/rometools/rome/feed$WireFeed done
Event: 6,383 loading class com/fasterxml/jackson/dataformat/xml/XmlMapper
Event: 6,383 loading class com/fasterxml/jackson/dataformat/xml/XmlMapper done
Event: 6,383 loading class com/fasterxml/jackson/dataformat/xml$XmlMapper
Event: 6,383 loading class com/fasterxml/jackson/dataformat/xml$XmlMapper done
Event: 6,423 Executing VM operation: CollectForMetadataAllocation


Dynamic libraries:
00400000-00401000 r-xp 00000000 08:06 2230072                            /usr/lib/jvm/java-8-oracle/bin/java
00600000-00601000 rw-p 00000000 08:06 2230072                            /usr/lib/jvm/java-8-oracle/bin/java
01171000-01192000 rw-p 00000000 00:00 0                                  [heap]
6c7800000-6cd600000 rw-p 00000000 00:00 0 
6cd600000-76d300000 ---p 00000000 00:00 0 
76d300000-789480000 rw-p 00000000 00:00 0 
798380000-7c0000000 ---p 00000000 00:00 0 
7c0000000-7c04a0000 rw-p 00000000 00:00 0 
7c04a0000-800000000 ---p 00000000 00:00 0 
7f4a54000000-7f4a5441d000 rw-p 00000000 00:00 0 
7f4a5441d000-7f4a58000000 ---p 00000000 00:00 0 
7f4a5c000000-7f4a5c021000 rw-p 00000000 00:00 0 
7f4a5c021000-7f4a60000000 ---p 00000000 00:00 0 
7f4a60000000-7f4a60be3000 rw-p 00000000 00:00 0 
7f4a60be3000-7f4a64000000 ---p 00000000 00:00 0 
7f4a64000000-7f4a64021000 rw-p 00000000 00:00 0 
7f4a64021000-7f4a68000000 ---p 00000000 00:00 0 
7f4a68000000-7f4a68021000 rw-p 00000000 00:00 0 
7f4a68021000-7f4a6c000000 ---p 00000000 00:00 0 
7f4a6c000000-7f4a6d529000 rw-p 00000000 00:00 0 
7f4a6d529000-7f4a70000000 ---p 00000000 00:00 0 
7f4a70000000-7f4a70ef1000 rw-p 00000000 00:00 0 
7f4a70ef1000-7f4a74000000 ---p 00000000 00:00 0 
7f4a74000000-7f4a757fb000 rw-p 00000000 00:00 0 
7f4a757fb000-7f4a78000000 ---p 00000000 00:00 0 
7f4a78000000-7f4a79612000 rw-p 00000000 00:00 0 
7f4a79612000-7f4a7c000000 ---p 00000000 00:00 0 
7f4a7c000000-7f4a7c021000 rw-p 00000000 00:00 0 
7f4a7c021000-7f4a80000000 ---p 00000000 00:00 0 
7f4a80000000-7f4a8002c000 rw-p 00000000 00:00 0 
7f4a8002c000-7f4a84000000 ---p 00000000 00:00 0 
7f4a84000000-7f4a84021000 rw-p 00000000 00:00 0 
7f4a84021000-7f4a88000000 ---p 00000000 00:00 0 
7f4a88000000-7f4a88021000 rw-p 00000000 00:00 0 
7f4a88021000-7f4a8c000000 ---p 00000000 00:00 0 
7f4a8c000000-7f4a8c290000 rw-p 00000000 00:00 0 
7f4a8c290000-7f4a90000000 ---p 00000000 00:00 0 
7f4a903c0000-7f4a98000000 rw-p 00000000 00:00 0 
7f4a98000000-7f4a98021000 rw-p 00000000 00:00 0 
7f4a98021000-7f4a9c000000 ---p 00000000 00:00 0 
7f4a9c000000-7f4a9c021000 rw-p 00000000 00:00 0 
7f4a9c021000-7f4aa0000000 ---p 00000000 00:00 0 
7f4aa0000000-7f4aa0021000 rw-p 00000000 00:00 0 
7f4aa0021000-7f4aa4000000 ---p 00000000 00:00 0 
7f4aa8000000-7f4aa8021000 rw-p 00000000 00:00 0 
7f4aa8021000-7f4aac000000 ---p 00000000 00:00 0 
7f4ab0000000-7f4ab0021000 rw-p 00000000 00:00 0 
7f4ab0021000-7f4ab4000000 ---p 00000000 00:00 0 
7f4ab6e75000-7f4ab7075000 rw-p 00000000 00:00 0 
7f4ab719f000-7f4ab739f000 rw-p 00000000 00:00 0 
7f4ab739f000-7f4ab759f000 rw-p 00000000 00:00 0 
7f4ab75a1000-7f4ab77a1000 rw-p 00000000 00:00 0 
7f4ab77a1000-7f4ab77b8000 r-xp 00000000 08:06 1835094                    /lib/x86_64-linux-gnu/libgcc_s.so.1
7f4ab77b8000-7f4ab79b7000 ---p 00017000 08:06 1835094                    /lib/x86_64-linux-gnu/libgcc_s.so.1
7f4ab79b7000-7f4ab79b8000 r--p 00016000 08:06 1835094                    /lib/x86_64-linux-gnu/libgcc_s.so.1
7f4ab79b8000-7f4ab79b9000 rw-p 00017000 08:06 1835094                    /lib/x86_64-linux-gnu/libgcc_s.so.1
7f4ab79b9000-7f4ab79eb000 r-xp 00000000 08:06 2904091                    /usr/lib/jvm/java-8-oracle/jre/lib/amd64/libsunec.so
7f4ab79eb000-7f4ab7bea000 ---p 00032000 08:06 2904091                    /usr/lib/jvm/java-8-oracle/jre/lib/amd64/libsunec.so
7f4ab7bea000-7f4ab7bf0000 rw-p 00031000 08:06 2904091                    /usr/lib/jvm/java-8-oracle/jre/lib/amd64/libsunec.so
7f4ab7bf0000-7f4ab7e00000 rw-p 00000000 00:00 0 
7f4ab7e00000-7f4ab8000000 rw-p 00000000 00:00 0 
7f4ab8000000-7f4ab8021000 rw-p 00000000 00:00 0 
7f4ab8021000-7f4abc000000 ---p 00000000 00:00 0 
7f4abc1e5000-7f4abc3e5000 rw-p 00000000 00:00 0 
7f4abc3e5000-7f4abc3f6000 r-xp 00000000 08:06 2904137                    /usr/lib/jvm/java-8-oracle/jre/lib/amd64/libnio.so
7f4abc3f6000-7f4abc5f5000 ---p 00011000 08:06 2904137                    /usr/lib/jvm/java-8-oracle/jre/lib/amd64/libnio.so
7f4abc5f5000-7f4abc5f6000 rw-p 00010000 08:06 2904137                    /usr/lib/jvm/java-8-oracle/jre/lib/amd64/libnio.so
7f4abc5f6000-7f4abc7f6000 rw-p 00000000 00:00 0 
7f4abc7f6000-7f4abc9f6000 rw-p 00000000 00:00 0 
7f4abc9f6000-7f4abcbf6000 rw-p 00000000 00:00 0 
7f4abcbf6000-7f4abcdf6000 rw-p 00000000 00:00 0 
7f4abcdf6000-7f4abcdff000 r-xp 00000000 08:06 2904142                    /usr/lib/jvm/java-8-oracle/jre/lib/amd64/libmanagement.so
7f4abcdff000-7f4abcffe000 ---p 00009000 08:06 2904142                    /usr/lib/jvm/java-8-oracle/jre/lib/amd64/libmanagement.so
7f4abcffe000-7f4abcfff000 rw-p 00008000 08:06 2904142                    /usr/lib/jvm/java-8-oracle/jre/lib/amd64/libmanagement.so
7f4abcfff000-7f4ac0000000 rw-p 00000000 00:00 0 
7f4ac0000000-7f4ac0021000 rw-p 00000000 00:00 0 
7f4ac0021000-7f4ac4000000 ---p 00000000 00:00 0 
7f4ac4068000-7f4ac40fd000 r--s 0110b000 08:06 2895609                    /usr/lib/jvm/java-8-oracle/jre/lib/ext/jfxrt.jar
7f4ac40fd000-7f4ac4114000 r-xp 00000000 08:06 1835200                    /lib/x86_64-linux-gnu/libresolv-2.27.so
7f4ac4114000-7f4ac4314000 ---p 00017000 08:06 1835200                    /lib/x86_64-linux-gnu/libresolv-2.27.so
7f4ac4314000-7f4ac4315000 r--p 00017000 08:06 1835200                    /lib/x86_64-linux-gnu/libresolv-2.27.so
7f4ac4315000-7f4ac4316000 rw-p 00018000 08:06 1835200                    /lib/x86_64-linux-gnu/libresolv-2.27.so
7f4ac4316000-7f4ac4318000 rw-p 00000000 00:00 0 
7f4ac4318000-7f4ac431d000 r-xp 00000000 08:06 1835193                    /lib/x86_64-linux-gnu/libnss_dns-2.27.so
7f4ac431d000-7f4ac451d000 ---p 00005000 08:06 1835193                    /lib/x86_64-linux-gnu/libnss_dns-2.27.so
7f4ac451d000-7f4ac451e000 r--p 00005000 08:06 1835193                    /lib/x86_64-linux-gnu/libnss_dns-2.27.so
7f4ac451e000-7f4ac451f000 rw-p 00006000 08:06 1835193                    /lib/x86_64-linux-gnu/libnss_dns-2.27.so
7f4ac451f000-7f4ac4521000 r-xp 00000000 08:06 1835466                    /lib/x86_64-linux-gnu/libnss_mdns4_minimal.so.2
7f4ac4521000-7f4ac4720000 ---p 00002000 08:06 1835466                    /lib/x86_64-linux-gnu/libnss_mdns4_minimal.so.2
7f4ac4720000-7f4ac4721000 r--p 00001000 08:06 1835466                    /lib/x86_64-linux-gnu/libnss_mdns4_minimal.so.2
7f4ac4721000-7f4ac4722000 rw-p 00002000 08:06 1835466                    /lib/x86_64-linux-gnu/libnss_mdns4_minimal.so.2
7f4ac4737000-7f4ac4739000 r--s 00009000 08:06 2895606                    /usr/lib/jvm/java-8-oracle/jre/lib/ext/sunec.jar
7f4ac4739000-7f4ac473d000 r--s 0003a000 08:06 2895613                    /usr/lib/jvm/java-8-oracle/jre/lib/ext/sunpkcs11.jar
7f4ac473d000-7f4ac4740000 r--s 0001a000 08:06 2904150                    /usr/lib/jvm/java-8-oracle/jre/lib/jce.jar
7f4ac4740000-7f4ac4745000 r--s 0009d000 08:06 2904079                    /usr/lib/jvm/java-8-oracle/jre/lib/jsse.jar
7f4ac4745000-7f4ac4748000 ---p 00000000 00:00 0 
7f4ac4748000-7f4ac4846000 rw-p 00000000 00:00 0 
7f4ac4846000-7f4ac4849000 ---p 00000000 00:00 0 
7f4ac4849000-7f4ac4947000 rw-p 00000000 00:00 0 
7f4ac4947000-7f4ac494a000 ---p 00000000 00:00 0 
7f4ac494a000-7f4ac4a48000 rw-p 00000000 00:00 0 
7f4ac4a48000-7f4ac4a52000 r--s 00116000 08:06 2895615                    /usr/lib/jvm/java-8-oracle/jre/lib/ext/localedata.jar
7f4ac4a52000-7f4ac4a53000 ---p 00000000 00:00 0 
7f4ac4a53000-7f4ac4b53000 rw-p 00000000 00:00 0 
7f4ac4b53000-7f4ac4b56000 ---p 00000000 00:00 0 
7f4ac4b56000-7f4ac4c54000 rw-p 00000000 00:00 0 
7f4ac4c54000-7f4ac4c55000 ---p 00000000 00:00 0 
7f4ac4c55000-7f4ac4c58000 ---p 00000000 00:00 0 
7f4ac4c58000-7f4ac4d55000 rw-p 00000000 00:00 0 
7f4ac4d55000-7f4ac4d56000 ---p 00000000 00:00 0 
7f4ac4d56000-7f4ac4d59000 ---p 00000000 00:00 0 
7f4ac4d59000-7f4ac4e56000 rw-p 00000000 00:00 0 
7f4ac4e56000-7f4ac4e57000 ---p 00000000 00:00 0 
7f4ac4e57000-7f4ac4e5a000 ---p 00000000 00:00 0 
7f4ac4e5a000-7f4ac4f57000 rw-p 00000000 00:00 0 
7f4ac4f57000-7f4ac4f6d000 r-xp 00000000 08:06 2904134                    /usr/lib/jvm/java-8-oracle/jre/lib/amd64/libnet.so
7f4ac4f6d000-7f4ac516d000 ---p 00016000 08:06 2904134                    /usr/lib/jvm/java-8-oracle/jre/lib/amd64/libnet.so
7f4ac516d000-7f4ac516e000 rw-p 00016000 08:06 2904134                    /usr/lib/jvm/java-8-oracle/jre/lib/amd64/libnet.so
7f4ac516e000-7f4ac516f000 ---p 00000000 00:00 0 
7f4ac516f000-7f4ac5172000 ---p 00000000 00:00 0 
7f4ac5172000-7f4ac526f000 rw-p 00000000 00:00 0 
7f4ac526f000-7f4ac5272000 ---p 00000000 00:00 0 
7f4ac5272000-7f4ac5370000 rw-p 00000000 00:00 0 
7f4ac5370000-7f4ac5372000 r--s 0001a000 08:07 919485                     /home/victor/dev/idea-IC-173.4548.28/lib/idea_rt.jar
7f4ac5372000-7f4ac5374000 r--s 0000a000 08:07 948473                     /home/victor/.gradle/caches/modules-2/files-2.1/javax.ws.rs/jsr311-api/1.1.1/59033da2a1afd56af1ac576750a8d0b1830d59e6/jsr311-api-1.1.1.jar
7f4ac5374000-7f4ac537b000 r--s 00060000 08:07 948495                     /home/victor/.gradle/caches/modules-2/files-2.1/io.netty/netty-common/4.0.27.Final/f9adee4559928c2e75d58b33e109c17342cb0991/netty-common-4.0.27.Final.jar
7f4ac537b000-7f4ac537d000 r--s 00027000 08:07 948494                     /home/victor/.gradle/caches/modules-2/files-2.1/io.netty/netty-buffer/4.0.27.Final/91d5d38fd5cfa7b507e4f82297ba2bf7f30be805/netty-buffer-4.0.27.Final.jar
7f4ac537d000-7f4ac5384000 r--s 00047000 08:07 948493                     /home/victor/.gradle/caches/modules-2/files-2.1/io.netty/netty-transport/4.0.27.Final/fc1e00d9d2815f74df6af1cf79da65d6b2d6b102/netty-transport-4.0.27.Final.jar
7f4ac5384000-7f4ac5388000 r--s 00020000 08:07 948491                     /home/victor/.gradle/caches/modules-2/files-2.1/io.netty/netty-codec/4.0.27.Final/8ed3790b480d4370d22ad1b74a79a54663619b3/netty-codec-4.0.27.Final.jar
7f4ac5388000-7f4ac538d000 r--s 00036000 08:07 948490                     /home/victor/.gradle/caches/modules-2/files-2.1/io.netty/netty-handler/4.0.27.Final/91d5c8e25150759bdfce680f318e7b3e8a493b1f/netty-handler-4.0.27.Final.jar
7f4ac538d000-7f4ac53d7000 r--s 002f4000 08:07 948492                     /home/victor/.gradle/caches/modules-2/files-2.1/org.bouncycastle/bcprov-jdk15on/1.55/935f2e57a00ec2c489cbd2ad830d4a399708f979/bcprov-jdk15on-1.55.jar
7f4ac53d7000-7f4ac53e1000 r--s 00061000 08:07 948470                     /home/victor/.gradle/caches/modules-2/files-2.1/com.sun.jersey/jersey-core/1.19.1/4282d106f2acd5051bd9bc2935ed9a2920c9385/jersey-core-1.19.1.jar
7f4ac53e1000-7f4ac53e3000 r--s 00016000 08:07 948489                     /home/victor/.gradle/caches/modules-2/files-2.1/io.netty/netty-transport-native-epoll/4.0.27.Final/3da4eda5697a09c9f8e217bc6a0f265b5b5102c5/netty-transport-native-epoll-4.0.27.Final.jar
7f4ac53e3000-7f4ac53eb000 r--s 00061000 08:07 948488                     /home/victor/.gradle/caches/modules-2/files-2.1/io.netty/netty-codec-http/4.0.27.Final/59b04b31b58942615c0035c61db1167d118ee218/netty-codec-http-4.0.27.Final.jar
7f4ac53eb000-7f4ac53ed000 r--s 00003000 08:07 948487                     /home/victor/.gradle/caches/modules-2/files-2.1/com.google.code.findbugs/jsr305/3.0.1/f7be08ec23c21485b9b5a1cf1654c2ec8c58168d/jsr305-3.0.1.jar
7f4ac53ed000-7f4ac53fe000 r--s 00096000 08:07 948486                     /home/victor/.gradle/caches/modules-2/files-2.1/org.bouncycastle/bcpkix-jdk15on/1.55/6392d8cba22b722c6570d660ca0b3921ff1bae4f/bcpkix-jdk15on-1.55.jar
7f4ac53fe000-7f4ac5400000 r--s 00009000 08:07 948485                     /home/victor/.gradle/caches/modules-2/files-2.1/org.objenesis/objenesis/2.1/87c0ea803b69252868d09308b4618f766f135a96/objenesis-2.1.jar
7f4ac5400000-7f4ac5401000 r--s 00001000 08:07 948483                     /home/victor/.gradle/caches/modules-2/files-2.1/com.esotericsoftware/minlog/1.3.0/ff07b5f1b01d2f92bb00a337f9a94873712f0827/minlog-1.3.0.jar
7f4ac5401000-7f4ac5404000 r--s 0001e000 08:07 948468                     /home/victor/.gradle/caches/modules-2/files-2.1/com.sun.jersey/jersey-client/1.19.1/2df97ebd4e5c01599584c45caa3aeb563d268eef/jersey-client-1.19.1.jar
7f4ac5404000-7f4ac5411000 r--s 00083000 08:07 948484                     /home/victor/.gradle/caches/modules-2/files-2.1/commons-collections/commons-collections/3.2.2/8ad72fe39fa8c91eaaf12aadb21e0c3661fe26d5/commons-collections-3.2.2.jar
7f4ac5411000-7f4ac5416000 r--s 00041000 08:07 948475                     /home/victor/.gradle/caches/modules-2/files-2.1/commons-lang/commons-lang/2.6/ce1edb914c94ebc388f086c6827e8bdeec71ac2/commons-lang-2.6.jar
7f4ac5416000-7f4ac5417000 r--s 00000000 08:07 948482                     /home/victor/.gradle/caches/modules-2/files-2.1/javax.inject/javax.inject/1/6975da39a7040257bd51d21a231b76c915872d38/javax.inject-1.jar
7f4ac5417000-7f4ac541e000 r--s 00050000 08:07 948474                     /home/victor/.gradle/caches/modules-2/files-2.1/commons-configuration/commons-configuration/1.8/6cce40435bcd8018018f16898de01976b319941a/commons-configuration-1.8.jar
7f4ac541e000-7f4ac541f000 r--s 00004000 08:07 948481                     /home/victor/.gradle/caches/modules-2/files-2.1/org.springframework.security/spring-security-rsa/1.0.3.RELEASE/b0b1ee770597b5de1b51e9a889dfd2dc35d251b0/spring-security-rsa-1.0.3.RELEASE.jar
7f4ac541f000-7f4ac5426000 r--s 00051000 08:07 948480                     /home/victor/.gradle/caches/modules-2/files-2.1/com.esotericsoftware/kryo-shaded/3.0.3/977d6b42d82de551fcf77dad84ef06c2839e3a74/kryo-shaded-3.0.3.jar
7f4ac5426000-7f4ac543e000 r--s 000fc000 08:07 948479                     /home/victor/.gradle/caches/modules-2/files-2.1/io.reactivex/rxjava/1.2.0/42bfaf64c94f3848ebf5cf1c2ea4ec9d1b3ac6c8/rxjava-1.2.0.jar
7f4ac543e000-7f4ac5449000 r--s 0006a000 08:07 948476                     /home/victor/.gradle/caches/modules-2/files-2.1/ch.qos.logback/logback-core/1.1.11/88b8df40340eed549fb07e2613879bf6b006704d/logback-core-1.1.11.jar
7f4ac5449000-7f4ac5489000 r--s 00296000 08:07 955763                     /home/victor/.gradle/caches/modules-2/files-2.1/net.bytebuddy/byte-buddy/1.8.12/82a340b11ea0a55e5d51b3ae559003454b8bf320/byte-buddy-1.8.12.jar
7f4ac5489000-7f4ac549b000 r--s 000da000 08:07 948425                     /home/victor/.gradle/caches/modules-2/files-2.1/com.sun.xml.bind/jaxb-impl/2.3.0/3a3c6a62719d967175b76b63925f1fb495f11437/jaxb-impl-2.3.0.jar
7f4ac549b000-7f4ac54a2000 r--s 00038000 08:07 948424                     /home/victor/.gradle/caches/modules-2/files-2.1/com.sun.xml.bind/jaxb-core/2.3.0/d044c784e41d026778693fb44a8026c1fd9a7506/jaxb-core-2.3.0.jar
7f4ac54a2000-7f4ac54a7000 r--s 00036000 08:07 948469                     /home/victor/.gradle/caches/modules-2/files-2.1/com.google.code.gson/gson/2.8.5/f645ed69d595b24d4cf8b3fbb64cc505bede8829/gson-2.8.5.jar
7f4ac54a7000-7f4ac54a9000 r--s 0000b000 08:07 948467                     /home/victor/.gradle/caches/modules-2/files-2.1/org.apache.tomcat/tomcat-juli/8.5.31/603fb6e0ddd216b53a803801561661ae9c294ff/tomcat-juli-8.5.31.jar
7f4ac54a9000-7f4ac54ab000 r--s 00002000 08:07 948466                     /home/victor/.gradle/caches/modules-2/files-2.1/org.apache.tomcat/tomcat-annotations-api/8.5.31/f0758d8b5d1404cc25f98945bdd5959699658b4a/tomcat-annotations-api-8.5.31.jar
7f4ac54ab000-7f4ac54b2000 r--s 00049000 08:07 948459                     /home/victor/.gradle/caches/modules-2/files-2.1/org.apache.httpcomponents/httpcore/4.4.9/a86ce739e5a7175b4b234c290a00a5fdb80957a0/httpcore-4.4.9.jar
7f4ac54b2000-7f4ac54c3000 r--s 0008a000 08:07 948460                     /home/victor/.gradle/caches/modules-2/files-2.1/joda-time/joda-time/2.9.9/f7b520c458572890807d143670c9b24f4de90897/joda-time-2.9.9.jar
7f4ac54c3000-7f4ac54c5000 r--s 00005000 08:07 948457                     /home/victor/.gradle/caches/modules-2/files-2.1/org.springframework.cloud/spring-cloud-consul-config/1.3.3.RELEASE/db2446cc0d7fdf060202df0f01350656be273920/spring-cloud-consul-config-1.3.3.RELEASE.jar
7f4ac54c5000-7f4ac54ca000 r--s 00048000 08:07 948458                     /home/victor/.gradle/caches/modules-2/files-2.1/dom4j/dom4j/1.6.1/5d3ccc056b6f056dbf0dddfdf43894b9065a8f94/dom4j-1.6.1.jar
7f4ac54ca000-7f4ac54cd000 r--s 0002b000 08:07 948454                     /home/victor/.gradle/caches/modules-2/files-2.1/org.jboss/jandex/2.0.0.Final/3e899258936f94649c777193e1be846387ed54b3/jandex-2.0.0.Final.jar
7f4ac54cd000-7f4ac54d2000 r--s 00068000 08:07 948455                     /home/victor/.gradle/caches/modules-2/files-2.1/antlr/antlr/2.7.7/83cd2cd674a217ade95a4bb83a8a14f351f48bd0/antlr-2.7.7.jar
7f4ac54d2000-7f4ac54dc000 r--s 000aa000 08:07 948456                     /home/victor/.gradle/caches/modules-2/files-2.1/org.javassist/javassist/3.21.0-GA/598244f595db5c5fb713731eddbb1c91a58d959b/javassist-3.21.0-GA.jar
7f4ac54dc000-7f4ac54e1000 r--s 00017000 08:07 948451                     /home/victor/.gradle/caches/modules-2/files-2.1/org.hibernate.javax.persistence/hibernate-jpa-2.1-api/1.0.0.Final/5e731d961297e5a07290bfaf3db1fbc8bbbf405a/hibernate-jpa-2.1-api-1.0.0.Final.jar
7f4ac54e1000-7f4ac54e4000 r--s 00022000 08:07 948452                     /home/victor/.gradle/caches/modules-2/files-2.1/org.apache.tomcat/tomcat-jdbc/8.5.31/7caa97fbe2765d3ed89adc036b852cc46456e415/tomcat-jdbc-8.5.31.jar
7f4ac54e4000-7f4ac54fd000 r--s 001bf000 08:07 948449                     /home/victor/.gradle/caches/modules-2/files-2.1/org.aspectj/aspectjweaver/1.8.13/ad94df2a28d658a40dc27bbaff6a1ce5fbf04e9b/aspectjweaver-1.8.13.jar
7f4ac54fd000-7f4ac5501000 r--s 00035000 08:07 956343                     /home/victor/.gradle/caches/modules-2/files-2.1/org.codehaus.jackson/jackson-core-asl/1.9.13/3c304d70f42f832e0a86d45bd437f692129299a4/jackson-core-asl-1.9.13.jar
7f4ac5501000-7f4ac5503000 r--s 00000000 08:07 956342                     /home/victor/.gradle/caches/modules-2/files-2.1/aopalliance/aopalliance/1.0/235ba8b489512805ac13a8f9ea77a1ca5ebe3e8/aopalliance-1.0.jar
7f4ac5503000-7f4ac5507000 r--s 00042000 08:07 948448                     /home/victor/.gradle/caches/modules-2/files-2.1/com.fasterxml.jackson.core/jackson-core/2.8.11/876ead1db19f0c9e79c9789273a3ef8c6fd6c29b/jackson-core-2.8.11.jar
7f4ac5507000-7f4ac550a000 r--s 0000b000 08:07 948446                     /home/victor/.gradle/caches/modules-2/files-2.1/com.fasterxml.jackson.core/jackson-annotations/2.8.0/45b426f7796b741035581a176744d91090e2e6fb/jackson-annotations-2.8.0.jar
7f4ac550a000-7f4ac550c000 r--s 0000f000 08:07 948444                     /home/victor/.gradle/caches/modules-2/files-2.1/org.jboss.logging/jboss-logging/3.3.2.Final/3789d00e859632e6c6206adc0c71625559e6e3b0/jboss-logging-3.3.2.Final.jar
7f4ac550c000-7f4ac550f000 r--s 00010000 08:07 948443                     /home/victor/.gradle/caches/modules-2/files-2.1/org.hibernate.common/hibernate-commons-annotations/5.0.1.Final/71e1cff3fcb20d3b3af4f3363c3ddb24d33c6879/hibernate-commons-annotations-5.0.1.Final.jar
7f4ac550f000-7f4ac5513000 r--s 0000c000 08:07 948440                     /home/victor/.gradle/caches/modules-2/files-2.1/javax.validation/validation-api/1.1.0.Final/8613ae82954779d518631e05daa73a6a954817d5/validation-api-1.1.0.Final.jar
7f4ac5513000-7f4ac5517000 r--s 00037000 08:07 948439                     /home/victor/.gradle/caches/modules-2/files-2.1/org.apache.tomcat.embed/tomcat-embed-el/8.5.31/3a536e1ac71b82627c3a7408eb38fa0704cb9034/tomcat-embed-el-8.5.31.jar
7f4ac5517000-7f4ac5540000 r--s 002d0000 08:07 948441                     /home/victor/.gradle/caches/modules-2/files-2.1/org.apache.tomcat.embed/tomcat-embed-core/8.5.31/f5adf7ed8c34aa005b22b6a2dc7b6796e10e9c79/tomcat-embed-core-8.5.31.jar
7f4ac5540000-7f4ac5545000 r--s 0003a000 08:07 948438                     /home/victor/.gradle/caches/modules-2/files-2.1/org.apache.tomcat.embed/tomcat-embed-websocket/8.5.31/6564e716b89de5eaa0dd234ae7989576503ddf3/tomcat-embed-websocket-8.5.31.jar
7f4ac5545000-7f4ac554b000 r--s 0003d000 08:07 948437                     /home/victor/.gradle/caches/modules-2/files-2.1/org.yaml/snakeyaml/1.17/7a27ea250c5130b2922b86dea63cbb1cc10a660c/snakeyaml-1.17.jar
7f4ac554b000-7f4ac554d000 r--s 00004000 08:07 955756                     /home/victor/.gradle/caches/modules-2/files-2.1/org.mapstruct/mapstruct/1.2.0.Final/8609d6eb044e9f6c73cb24c8f2f4ed5c72a249c7/mapstruct-1.2.0.Final.jar
7f4ac554d000-7f4ac554f000 r--s 00009000 08:07 948423                     /home/victor/.gradle/caches/modules-2/files-2.1/org.slf4j/slf4j-api/1.7.25/da76ca59f6a57ee3102f8f9bd9cee742973efa8a/slf4j-api-1.7.25.jar
7f4ac554f000-7f4ac5551000 r--s 00002000 08:07 948419                     /home/victor/.gradle/caches/modules-2/files-2.1/com.netflix.netflix-commons/netflix-statistics/0.1.1/12f6e48253f9cafa0e24d7d232ff504c52143212/netflix-statistics-0.1.1.jar
7f4ac5551000-7f4ac5552000 r--s 00001000 08:07 948416                     /home/victor/.gradle/caches/modules-2/files-2.1/com.netflix.netflix-commons/netflix-commons-util/0.1.1/39e67061780476f207b31465baaed84a91ff659f/netflix-commons-util-0.1.1.jar
7f4ac5552000-7f4ac555c000 r--s 00059000 08:07 948418                     /home/victor/.gradle/caches/modules-2/files-2.1/io.reactivex/rxnetty/0.4.9/5aff3c9d6bb9d9066c378bb3d2a4413ed1773bcf/rxnetty-0.4.9.jar
7f4ac555c000-7f4ac555f000 r--s 0000b000 08:07 948415                     /home/victor/.gradle/caches/modules-2/files-2.1/io.reactivex/rxnetty-contexts/0.4.9/6efe17a25602a5424c18ab975aa9c28b6d6b7f56/rxnetty-contexts-0.4.9.jar
7f4ac555f000-7f4ac5561000 r--s 00004000 08:07 948411                     /home/victor/.gradle/caches/modules-2/files-2.1/org.slf4j/log4j-over-slf4j/1.7.25/a87bb47468f47ee7aabbd54f93e133d4215769c3/log4j-over-slf4j-1.7.25.jar
7f4ac5561000-7f4ac5563000 r--s 00000000 08:07 948410                     /home/victor/.gradle/caches/modules-2/files-2.1/org.slf4j/jul-to-slf4j/1.7.25/af5364cd6679bfffb114f0dec8a157aaa283b76/jul-to-slf4j-1.7.25.jar
7f4ac5563000-7f4ac556a000 r--s 00045000 08:07 948409                     /home/victor/.gradle/caches/modules-2/files-2.1/ch.qos.logback/logback-classic/1.1.11/ccedfbacef4a6515d2983e3f89ed753d5d4fb665/logback-classic-1.1.11.jar
7f4ac556a000-7f4ac55c4000 r--s 00438000 08:07 948447                     /home/victor/.gradle/caches/modules-2/files-2.1/org.apache.camel/camel-core/2.21.1/67e9c306c779027ca7d3747c59be72877ca48dba/camel-core-2.21.1.jar
7f4ac55c4000-7f4ac55c6000 r--s 00003000 08:07 948406                     /home/victor/.gradle/caches/modules-2/files-2.1/org.slf4j/jcl-over-slf4j/1.7.25/f8c32b13ff142a513eeb5b6330b1588dcb2c0461/jcl-over-slf4j-1.7.25.jar
7f4ac55c6000-7f4ac55c7000 r--s 00000000 08:07 948407                     /home/victor/.gradle/caches/modules-2/files-2.1/org.springframework.boot/spring-boot-starter-logging/1.5.14.BUILD-SNAPSHOT/ef1586b699f7ea5edcb67d0592a7dd4cbfe803af/spring-boot-starter-logging-1.5.14.BUILD-SNAPSHOT.jar
7f4ac55c7000-7f4ac55c9000 r--s 0000e000 08:07 948445                     /home/victor/.gradle/caches/modules-2/files-2.1/com.fasterxml/classmate/1.3.4/3d5f48f10bbe4eb7bd862f10c0583be2e0053c6/classmate-1.3.4.jar
7f4ac55c9000-7f4ac55f8000 r--s 00226000 08:07 955754                     /home/victor/.gradle/caches/modules-2/files-2.1/com.google.guava/guava/20.0/89507701249388e1ed5ddcf8c41f4ce1be7831ef/guava-20.0.jar
7f4ac55f8000-7f4ac55fc000 r--s 00027000 08:07 948422                     /home/victor/.gradle/caches/modules-2/files-2.1/com.netflix.servo/servo-internal/0.10.1/bb6f9cd7b309189bad01b93a806ba9d6cb5d915a/servo-internal-0.10.1.jar
7f4ac55fc000-7f4ac5601000 r--s 00032000 08:07 948420                     /home/victor/.gradle/caches/modules-2/files-2.1/com.netflix.servo/servo-core/0.10.1/7461ed61647f9996c88ad822546ffc7851a45e0e/servo-core-0.10.1.jar
7f4ac5601000-7f4ac5603000 r--s 00006000 08:07 948417                     /home/victor/.gradle/caches/modules-2/files-2.1/io.reactivex/rxnetty-servo/0.4.9/b7d6d6e132686c280f16710eaa3e90719f6808f8/rxnetty-servo-0.4.9.jar
7f4ac5603000-7f4ac5605000 r--s 00004000 08:07 955746                     /home/victor/.gradle/caches/modules-2/files-2.1/io.swagger/swagger-annotations/1.5.20/16051f93ce11ca489a5313775d825f82fcc2cd6c/swagger-annotations-1.5.20.jar
7f4ac5605000-7f4ac5609000 r--s 00022000 08:07 955751                     /home/victor/.gradle/caches/modules-2/files-2.1/io.swagger/swagger-models/1.5.20/fb3a23bad80c5ed84db9dd150db2cba699531458/swagger-models-1.5.20.jar
7f4ac5609000-7f4ac560b000 r--s 00010000 08:07 948398                     /home/victor/.gradle/caches/modules-2/files-2.1/org.springframework.security/spring-security-crypto/4.2.7.RELEASE/42b99b255fa47f0cc6736e418ec9c6ad0e6c0120/spring-security-crypto-4.2.7.RELEASE.jar
7f4ac560b000-7f4ac560e000 r--s 00015000 08:07 948397                     /home/victor/.gradle/caches/modules-2/files-2.1/org.springframework.cloud/spring-cloud-context/1.3.3.RELEASE/19d9f378ee8b9bacddfd4e41ffe75072e7e42b65/spring-cloud-context-1.3.3.RELEASE.jar
7f4ac560e000-7f4ac5611000 r--s 0000c000 08:07 948396                     /home/victor/.gradle/caches/modules-2/files-2.1/org.springframework/spring-aspects/4.3.18.RELEASE/d7ff868830a15461ff749bea6860590f41777425/spring-aspects-4.3.18.RELEASE.jar
7f4ac5611000-7f4ac5613000 r--s 00006000 08:07 948394                     /home/victor/.gradle/caches/modules-2/files-2.1/javax.transaction/javax.transaction-api/1.2/d81aff979d603edd90dcd8db2abc1f4ce6479e3e/javax.transaction-api-1.2.jar
7f4ac5613000-7f4ac567c000 r--s 004f3000 08:07 948395                     /home/victor/.gradle/caches/modules-2/files-2.1/org.hibernate/hibernate-core/5.0.12.Final/e58bf1c660e6706d8e2cbb53bae110f574366102/hibernate-core-5.0.12.Final.jar
7f4ac567c000-7f4ac5689000 r--s 00089000 08:07 948393                     /home/victor/.gradle/caches/modules-2/files-2.1/org.hibernate/hibernate-entitymanager/5.0.12.Final/302a526f5058290e9cbd719a5caf9f248d344719/hibernate-entitymanager-5.0.12.Final.jar
7f4ac5689000-7f4ac5697000 r--s 000b1000 08:07 956340                     /home/victor/.gradle/caches/modules-2/files-2.1/org.codehaus.jackson/jackson-mapper-asl/1.9.13/1ee2f2bed0e5dd29d1cb155a166e6f8d50bbddb7/jackson-mapper-asl-1.9.13.jar
7f4ac5697000-7f4ac569e000 r--s 0003f000 08:07 948461                     /home/victor/.gradle/caches/modules-2/files-2.1/commons-codec/commons-codec/1.10/4b95f4897fa13f2cd904aee711aeafc0c5295cd8/commons-codec-1.10.jar
7f4ac569e000-7f4ac56ac000 r--s 000ae000 08:07 948405                     /home/victor/.gradle/caches/modules-2/files-2.1/org.apache.httpcomponents/httpclient/4.5.5/1603dfd56ebcd583ccdf337b6c3984ac55d89e58/httpclient-4.5.5.jar
7f4ac56ac000-7f4ac56ae000 r--s 00003000 08:07 948403                     /home/victor/.gradle/caches/modules-2/files-2.1/com.sun.jersey.contribs/jersey-apache-client4/1.19.1/e1c45701a003097ace96bed4bc8fb937e9867498/jersey-apache-client4-1.19.1.jar
7f4ac56ae000-7f4ac56b2000 r--s 0001e000 08:07 948402                     /home/victor/.gradle/caches/modules-2/files-2.1/com.ecwid.consul/consul-api/1.3.0/808f8577e212727c917cfc7b14317bc6eef3fe6a/consul-api-1.3.0.jar
7f4ac56b2000-7f4ac56b4000 r--s 00003000 08:07 948401                     /home/victor/.gradle/caches/modules-2/files-2.1/org.springframework.cloud/spring-cloud-consul-core/1.3.3.RELEASE/6954b76978949014a78d82796dd479e118363911/spring-cloud-consul-core-1.3.3.RELEASE.jar
7f4ac56b4000-7f4ac56b7000 r--s 0000e000 08:07 948399                     /home/victor/.gradle/caches/modules-2/files-2.1/org.springframework.cloud/spring-cloud-consul-discovery/1.3.3.RELEASE/8e4e864af8b4576d41e1bc134b6f8bc80fd807df/spring-cloud-consul-discovery-1.3.3.RELEASE.jar
7f4ac56b7000-7f4ac56ce000 r--s 000fe000 08:07 940134                     /home/victor/.gradle/caches/modules-2/files-2.1/org.springframework/spring-core/4.3.18.RELEASE/4acbce682c3dfe38181d57b7e0792e2cc21e4f77/spring-core-4.3.18.RELEASE.jar
7f4ac56ce000-7f4ac56d2000 r--s 0001c000 08:07 948433                     /home/victor/.gradle/caches/modules-2/files-2.1/org.springframework.retry/spring-retry/1.2.2.RELEASE/638928732585c450e461f0a132b6834ad7cf3af0/spring-retry-1.2.2.RELEASE.jar
7f4ac56d2000-7f4ac56d8000 r--s 0003e000 08:07 948436                     /home/victor/.gradle/caches/modules-2/files-2.1/org.springframework/spring-expression/4.3.18.RELEASE/64f2270bfd9d615c8c3b9d94995867f39391ed30/spring-expression-4.3.18.RELEASE.jar
7f4ac56d8000-7f4ac56e6000 r--s 000ad000 08:07 948442                     /home/victor/.gradle/caches/modules-2/files-2.1/org.springframework/spring-beans/4.3.18.RELEASE/27460686b16b3ffee60bb3365cd56bba6ed860ff/spring-beans-4.3.18.RELEASE.jar
7f4ac56e6000-7f4ac56ee000 r--s 0003a000 08:07 948430                     /home/victor/.gradle/caches/modules-2/files-2.1/org.springframework/spring-tx/4.3.18.RELEASE/b6b7938f7d8ba412b6663a8b950592557c2d996e/spring-tx-4.3.18.RELEASE.jar
7f4ac56ee000-7f4ac5701000 r--s 000b2000 08:07 948421                     /home/victor/.gradle/caches/modules-2/files-2.1/org.springframework.data/spring-data-commons/1.13.13.RELEASE/9f51e01185ef86a433a3b490b3b15bd903a26199/spring-data-commons-1.13.13.RELEASE.jar
7f4ac5701000-7f4ac570b000 r--s 00060000 08:07 948431                     /home/victor/.gradle/caches/modules-2/files-2.1/org.springframework/spring-jdbc/4.3.18.RELEASE/816bc40759cd07ec50b86b1472aa021813387114/spring-jdbc-4.3.18.RELEASE.jar
7f4ac570b000-7f4ac5715000 r--s 0006b000 08:07 948429                     /home/victor/.gradle/caches/modules-2/files-2.1/org.springframework/spring-orm/4.3.18.RELEASE/f5f7cef67e9729f0f96a89441ae24980c7339da8/spring-orm-4.3.18.RELEASE.jar
7f4ac5715000-7f4ac571e000 r--s 00054000 08:07 948428                     /home/victor/.gradle/caches/modules-2/files-2.1/org.springframework/spring-aop/4.3.18.RELEASE/dd930265a504563d76de79864ae3196f6e9035e0/spring-aop-4.3.18.RELEASE.jar
7f4ac571e000-7f4ac5737000 r--s 000fe000 08:07 948432                     /home/victor/.gradle/caches/modules-2/files-2.1/org.springframework/spring-context/4.3.18.RELEASE/d302953b509e6d380856e245bf80c29770c08c98/spring-context-4.3.18.RELEASE.jar
7f4ac5737000-7f4ac5740000 r--s 00056000 08:07 948427                     /home/victor/.gradle/caches/modules-2/files-2.1/org.springframework/spring-messaging/4.3.18.RELEASE/65ae9b871ec30c89f38007a85b705f63d68754d4/spring-messaging-4.3.18.RELEASE.jar
7f4ac5740000-7f4ac5759000 r--s 000f6000 08:07 948434                     /home/victor/.gradle/caches/modules-2/files-2.1/org.springframework.integration/spring-integration-core/4.3.17.RELEASE/61f8b6f84d23ff09e659d0a5e5c1bceacfd19736/spring-integration-core-4.3.17.RELEASE.jar
7f4ac5759000-7f4ac575b000 r--s 0000f000 08:07 948426                     /home/victor/.gradle/caches/modules-2/files-2.1/org.springframework.integration/spring-integration-jmx/4.3.17.RELEASE/9e87ffcd6f78dda72c34da4c316c7c480df3a3f9/spring-integration-jmx-4.3.17.RELEASE.jar
7f4ac575b000-7f4ac5760000 r--s 00051000 08:07 948368                     /home/victor/.gradle/caches/modules-2/files-2.1/org.apache.camel/camel-spring/2.21.1/aa825f9b5ecac57e6adf292a8fdb80a49168564a/camel-spring-2.21.1.jar
7f4ac5760000-7f4ac5765000 r--s 00023000 08:07 948361                     /home/victor/.gradle/caches/modules-2/files-2.1/org.apache.camel/camel-spring-boot/2.21.1/9d608da9f808a54efee31dd1574dd950b3ef4062/camel-spring-boot-2.21.1.jar
7f4ac5765000-7f4ac5766000 r--s 00004000 08:07 955755                     /home/victor/.gradle/caches/modules-2/files-2.1/org.springframework.plugin/spring-plugin-core/1.2.0.RELEASE/f380e7760032e7d929184f8ad8a33716b75c0657/spring-plugin-core-1.2.0.RELEASE.jar
7f4ac5766000-7f4ac5768000 r--s 00000000 08:07 955752                     /home/victor/.gradle/caches/modules-2/files-2.1/org.springframework.plugin/spring-plugin-metadata/1.2.0.RELEASE/97223fc496b6cab31602eedbd4202aa4fff0d44f/spring-plugin-metadata-1.2.0.RELEASE.jar
7f4ac5768000-7f4ac576c000 r--s 00019000 08:07 955760                     /home/victor/.gradle/caches/modules-2/files-2.1/io.springfox/springfox-core/2.9.2/2e26f58939c594fb5c958c3a1c7bedf83d2f2702/springfox-core-2.9.2.jar
7f4ac576c000-7f4ac576f000 r--s 0000b000 08:07 955748                     /home/victor/.gradle/caches/modules-2/files-2.1/io.springfox/springfox-spi/2.9.2/6ac686190a6ceaccdae8b50d03b0501d144a6666/springfox-spi-2.9.2.jar
7f4ac576f000-7f4ac5772000 r--s 00012000 08:07 955753                     /home/victor/.gradle/caches/modules-2/files-2.1/io.springfox/springfox-schema/2.9.2/e268f38774b16bb51a92ccaef0dcf3dc651c0cee/springfox-schema-2.9.2.jar
7f4ac5772000-7f4ac5777000 r--s 0002b000 08:07 955750                     /home/victor/.gradle/caches/modules-2/files-2.1/io.springfox/springfox-spring-web/2.9.2/ed2ed714a6cba8804d00f80f0534901e4c7a3211/springfox-spring-web-2.9.2.jar
7f4ac5777000-7f4ac577b000 r--s 00017000 08:07 955745                     /home/victor/.gradle/caches/modules-2/files-2.1/io.springfox/springfox-swagger-common/2.9.2/b38a41b3044af80cb7f41f67be5d158c9f6491ec/springfox-swagger-common-2.9.2.jar
7f4ac577b000-7f4ac5782000 r--s 00043000 08:07 948400                     /home/victor/.gradle/caches/modules-2/files-2.1/org.springframework.data/spring-data-jpa/1.11.13.RELEASE/71fa865eb8446dc29d9a4765432f7728fe9a88be/spring-data-jpa-1.11.13.RELEASE.jar
7f4ac5782000-7f4ac578f000 r--s 0005a000 08:07 956341                     /home/victor/.gradle/caches/modules-2/files-2.1/org.springframework.security/spring-security-core/4.2.7.RELEASE/3b74ac31cb84d1cab6dcc55887391dfe593a30f6/spring-security-core-4.2.7.RELEASE.jar
7f4ac578f000-7f4ac5798000 r--s 00087000 08:07 956345                     /home/victor/.gradle/caches/modules-2/files-2.1/org.springframework.security/spring-security-config/4.2.7.RELEASE/5c096aa25285e3f8169b44c7dcf76166809921b1/spring-security-config-4.2.7.RELEASE.jar
7f4ac5798000-7f4ac57aa000 r--s 000b9000 08:07 948404                     /home/victor/.gradle/caches/modules-2/files-2.1/org.springframework/spring-web/4.3.18.RELEASE/e41042a70a7d80da52261c1dfc569c7518b70dce/spring-web-4.3.18.RELEASE.jar
7f4ac57aa000-7f4ac57b5000 r--s 00054000 08:07 956344                     /home/victor/.gradle/caches/modules-2/files-2.1/org.springframework.security/spring-security-web/4.2.7.RELEASE/d15e32de9efe00355f8cdd7cf61d98ae886dcd94/spring-security-web-4.2.7.RELEASE.jar
7f4ac57b5000-7f4ac57c6000 r--s 000d0000 08:07 948408                     /home/victor/.gradle/caches/modules-2/files-2.1/org.springframework/spring-webmvc/4.3.18.RELEASE/67ad7f59830df97ab73f8c7ab53ea33ae7dcb68/spring-webmvc-4.3.18.RELEASE.jar
7f4ac57c6000-7f4ac57d8000 r--s 0011f000 08:07 948413                     /home/victor/.gradle/caches/modules-2/files-2.1/com.fasterxml.jackson.core/jackson-databind/2.8.11.2/2c5051e8e84d2c16316b758ebf746f9e90bef5a4/jackson-databind-2.8.11.2.jar
7f4ac57d8000-7f4ac57dc000 r--s 0001e000 08:07 948392                     /home/victor/.gradle/caches/modules-2/files-2.1/com.netflix.archaius/archaius-core/0.7.4/d6b5e5c541452248fd8565ccd0732623c81a30b5/archaius-core-0.7.4.jar
7f4ac57dc000-7f4ac57e4000 r--s 0003e000 08:07 948391                     /home/victor/.gradle/caches/modules-2/files-2.1/com.netflix.hystrix/hystrix-core/1.4.3/de15d5845419cc9d298c4cdeef339be9a395527a/hystrix-core-1.4.3.jar
7f4ac57e4000-7f4ac57e8000 r--s 00011000 08:07 948390                     /home/victor/.gradle/caches/modules-2/files-2.1/com.netflix.ribbon/ribbon-core/2.2.5/80b6fe934799269073e69c5d7e67334459ef7e2e/ribbon-core-2.2.5.jar
7f4ac57e8000-7f4ac57ec000 r--s 00024000 08:07 948388                     /home/victor/.gradle/caches/modules-2/files-2.1/com.netflix.ribbon/ribbon-loadbalancer/2.2.5/5f713ef0b8d01580666face5e91d8c6af1daa468/ribbon-loadbalancer-2.2.5.jar
7f4ac57ec000-7f4ac57ed000 r--s 00009000 08:07 948389                     /home/victor/.gradle/caches/modules-2/files-2.1/com.netflix.ribbon/ribbon-transport/2.2.5/7c8e321322a98c72a36f4a81f84cafe21273c010/ribbon-transport-2.2.5.jar
7f4ac57ed000-7f4ac57ef000 r--s 0000c000 08:07 948387                     /home/victor/.gradle/caches/modules-2/files-2.1/com.netflix.ribbon/ribbon-httpclient/2.2.5/e2662937935d218f2c63105f6df39c3dfa0d06a1/ribbon-httpclient-2.2.5.jar
7f4ac57ef000-7f4ac57f3000 r--s 00012000 08:07 948386                     /home/victor/.gradle/caches/modules-2/files-2.1/com.netflix.ribbon/ribbon/2.2.5/3f97c8acfc68c35012f00d10b9ac63fc8f48d790/ribbon-2.2.5.jar
7f4ac57f3000-7f4ac5804000 r--s 000a1000 08:07 948371                     /home/victor/.gradle/caches/modules-2/files-2.1/org.hibernate/hibernate-validator/5.3.6.Final/4c730be8bf55a8e9a61e79a2f2c079abf48b718/hibernate-validator-5.3.6.Final.jar
7f4ac5804000-7f4ac5807000 ---p 00000000 00:00 0 
7f4ac5807000-7f4ac5905000 rw-p 00000000 00:00 0 
7f4ac5905000-7f4ac5be4000 r--p 00000000 08:06 2238836                    /usr/lib/locale/locale-archive
7f4ac5be4000-7f4ac5be7000 ---p 00000000 00:00 0 
7f4ac5be7000-7f4ac5ce5000 rw-p 00000000 00:00 0 
7f4ac5ce5000-7f4ac5ce8000 ---p 00000000 00:00 0 
7f4ac5ce8000-7f4ac5de6000 rw-p 00000000 00:00 0 
7f4ac5de6000-7f4ac5de7000 ---p 00000000 00:00 0 
7f4ac5de7000-7f4ac8000000 rw-p 00000000 00:00 0 
7f4ac8000000-7f4ac8021000 rw-p 00000000 00:00 0 
7f4ac8021000-7f4acc000000 ---p 00000000 00:00 0 
7f4acc000000-7f4acc002000 r--s 00006000 08:07 948385                     /home/victor/.gradle/caches/modules-2/files-2.1/org.springframework/spring-tuple/1.0.0.RELEASE/5feaacebc66a885e9f2017063586df2300ce5c68/spring-tuple-1.0.0.RELEASE.jar
7f4acc002000-7f4acc003000 r--s 00001000 08:07 948384                     /home/victor/.gradle/caches/modules-2/files-2.1/org.springframework.integration/spring-integration-tuple/1.0.0.RELEASE/4ac09adb2ab6857604784b3e61ef02bcdc974928/spring-integration-tuple-1.0.0.RELEASE.jar
7f4acc003000-7f4acc004000 r--s 00000000 08:07 948373                     /home/victor/.gradle/caches/modules-2/files-2.1/org.springframework.boot/spring-boot-starter-tomcat/1.5.14.BUILD-SNAPSHOT/7a5b34af94deda020a4e626535d11ca628346877/spring-boot-starter-tomcat-1.5.14.BUILD-SNAPSHOT.jar
7f4acc004000-7f4acc014000 r--s 00096000 08:07 948381                     /home/victor/.gradle/caches/modules-2/files-2.1/org.springframework.boot/spring-boot/1.5.14.BUILD-SNAPSHOT/62c039baa3fcd6a72be145eca5ca1642e49b8592/spring-boot-1.5.14.BUILD-SNAPSHOT.jar
7f4acc014000-7f4acc035000 r--s 000e6000 08:07 948382                     /home/victor/.gradle/caches/modules-2/files-2.1/org.springframework.boot/spring-boot-autoconfigure/1.5.14.BUILD-SNAPSHOT/4e119c185cb188a71b1b498ca2f4e934d615609e/spring-boot-autoconfigure-1.5.14.BUILD-SNAPSHOT.jar
7f4acc035000-7f4acc045000 r--s 00079000 08:07 948378                     /home/victor/.gradle/caches/modules-2/files-2.1/org.springframework.boot/spring-boot-actuator/1.5.14.BUILD-SNAPSHOT/c3592e9aa15f5aa6a0399116a32a8459be9330e6/spring-boot-actuator-1.5.14.BUILD-SNAPSHOT.jar
7f4acc045000-7f4acc046000 r--s 00000000 08:07 948369                     /home/victor/.gradle/caches/modules-2/files-2.1/org.springframework.boot/spring-boot-starter/1.5.14.BUILD-SNAPSHOT/50ab8b38647277e8519702d8a6a0b08f5eef9015/spring-boot-starter-1.5.14.BUILD-SNAPSHOT.jar
7f4acc046000-7f4acc047000 r--s 00000000 08:07 948370                     /home/victor/.gradle/caches/modules-2/files-2.1/org.springframework.boot/spring-boot-starter-validation/1.5.14.BUILD-SNAPSHOT/cde0a782cad589953503a2f5a14589b7f0cab7b9/spring-boot-starter-validation-1.5.14.BUILD-SNAPSHOT.jar
7f4acc047000-7f4acc04e000 r--s 00030000 08:07 948366                     /home/victor/.gradle/caches/modules-2/files-2.1/org.apache.camel/camel-core-starter/2.21.1/82968ad8738224a2e58bd06671a6af14343f30ca/camel-core-starter-2.21.1.jar
7f4acc04e000-7f4acc04f000 r--s 00000000 08:07 948365                     /home/victor/.gradle/caches/modules-2/files-2.1/org.springframework.boot/spring-boot-starter-jdbc/1.5.14.BUILD-SNAPSHOT/c18890ae4e3890b4ed8b78cc67e927e656d47fac/spring-boot-starter-jdbc-1.5.14.BUILD-SNAPSHOT.jar
7f4acc04f000-7f4acc050000 r--s 00000000 08:07 948363                     /home/victor/.gradle/caches/modules-2/files-2.1/org.springframework.boot/spring-boot-starter-aop/1.5.14.BUILD-SNAPSHOT/50d1fd9eb69ae6c6efd6b66cf7bedfc9b46e48bc/spring-boot-starter-aop-1.5.14.BUILD-SNAPSHOT.jar
7f4acc050000-7f4acc052000 r--s 002c4000 08:07 955762                     /home/victor/.gradle/caches/modules-2/files-2.1/io.springfox/springfox-swagger-ui/2.9.2/d542382a88ff3ea8d4032c28b2b0325797fada7d/springfox-swagger-ui-2.9.2.jar
7f4acc052000-7f4acc055000 r--s 0000e000 08:07 955740                     /home/victor/.gradle/caches/modules-2/files-2.1/io.springfox/springfox-swagger2/2.9.2/362676bc7f4c6f9f1d568741becab0dfc198c898/springfox-swagger2-2.9.2.jar
7f4acc055000-7f4acc05b000 r--s 0007e000 08:07 948367                     /home/victor/.gradle/caches/modules-2/files-2.1/postgresql/postgresql/9.0-801.jdbc4/153f2f92a786f12fc111d0111f709012df87c808/postgresql-9.0-801.jdbc4.jar
7f4acc05b000-7f4acc066000 r--s 00069000 08:07 948782                     /home/victor/.gradle/caches/modules-2/files-2.1/org.flywaydb/flyway-core/5.1.1/227dd14c43413459b222debf42fa6c873cda9c6d/flyway-core-5.1.1.jar
7f4acc066000-7f4acc06c000 r--s 0001b000 08:07 948352                     /home/victor/.gradle/caches/modules-2/files-2.1/org.springframework.cloud/spring-cloud-commons/1.3.3.RELEASE/17765f57f90b2ababb8abd848101953c101ee832/spring-cloud-commons-1.3.3.RELEASE.jar
7f4acc06c000-7f4acc077000 r--s 0005e000 08:07 948355                     /home/victor/.gradle/caches/modules-2/files-2.1/org.springframework.cloud/spring-cloud-netflix-core/1.4.4.RELEASE/6624e5b3774ef371ce86a2348dd8e1b86f883122/spring-cloud-netflix-core-1.4.4.RELEASE.jar
7f4acc077000-7f4acc085000 r--s 0006b000 08:07 956360                     /home/victor/.gradle/caches/modules-2/files-2.1/org.springframework.security.oauth/spring-security-oauth2/2.3.3.RELEASE/c1bbd66ca286a1d269c2aa5199af196febe0f2a0/spring-security-oauth2-2.3.3.RELEASE.jar
7f4acc085000-7f4acc098000 r--s 00345000 08:06 2904078                    /usr/lib/jvm/java-8-oracle/jre/lib/resources.jar
7f4acc098000-7f4acc2e9000 rw-p 00000000 00:00 0 
7f4acc2e9000-7f4acc4c3000 r--s 03d68000 08:06 2904068                    /usr/lib/jvm/java-8-oracle/jre/lib/rt.jar
7f4acc4c3000-7f4acccfd000 rw-p 00000000 00:00 0 
7f4acccfd000-7f4acccfe000 ---p 00000000 00:00 0 
7f4acccfe000-7f4accdfe000 rw-p 00000000 00:00 0 
7f4accdfe000-7f4accdff000 ---p 00000000 00:00 0 
7f4accdff000-7f4acceff000 rw-p 00000000 00:00 0 
7f4acceff000-7f4accf00000 ---p 00000000 00:00 0 
7f4accf00000-7f4acd000000 rw-p 00000000 00:00 0 
7f4acd000000-7f4acdce0000 rwxp 00000000 00:00 0 
7f4acdce0000-7f4adc000000 ---p 00000000 00:00 0 
7f4adc000000-7f4adce51000 rw-p 00000000 00:00 0 
7f4adce51000-7f4ae0000000 ---p 00000000 00:00 0 
7f4ae0000000-7f4ae0002000 r--s 00002000 08:07 948356                     /home/victor/.gradle/caches/modules-2/files-2.1/org.apache.camel/camel-spring-boot-starter/2.21.1/b5daebc394b88c468cb2eea02aa24d7f42ccb107/camel-spring-boot-starter-2.21.1.jar
7f4ae0002000-7f4ae0003000 r--s 00000000 08:07 948350                     /home/victor/.gradle/caches/modules-2/files-2.1/org.springframework.cloud/spring-cloud-starter/1.3.3.RELEASE/6abb60b4db4b1a4879fa995b9987e6033ace9202/spring-cloud-starter-1.3.3.RELEASE.jar
7f4ae0003000-7f4ae0004000 r--s 00000000 08:07 948351                     /home/victor/.gradle/caches/modules-2/files-2.1/org.springframework.cloud/spring-cloud-starter-netflix-archaius/1.4.4.RELEASE/b1312bfa4f2d0101bf2d6e79d7e9b2dd292a3bd8/spring-cloud-starter-netflix-archaius-1.4.4.RELEASE.jar
7f4ae0004000-7f4ae0005000 r--s 00000000 08:07 948348                     /home/victor/.gradle/caches/modules-2/files-2.1/org.springframework.cloud/spring-cloud-starter-netflix-ribbon/1.4.4.RELEASE/5fe3de6e26fe49604baf489b1dc8af92a37258d7/spring-cloud-starter-netflix-ribbon-1.4.4.RELEASE.jar
7f4ae0005000-7f4ae0006000 r--s 00000000 08:07 948347                     /home/victor/.gradle/caches/modules-2/files-2.1/org.springframework.cloud/spring-cloud-starter-ribbon/1.4.4.RELEASE/2e40bdc3e1b0bdcf8a4dcb54db51be2840d3ee50/spring-cloud-starter-ribbon-1.4.4.RELEASE.jar
7f4ae0006000-7f4ae0007000 r--s 00000000 08:07 948343                     /home/victor/.gradle/caches/modules-2/files-2.1/org.springframework.boot/spring-boot-starter-data-jpa/1.5.14.BUILD-SNAPSHOT/a17bffee6e410915e229bc0d65db44f624fb8bf/spring-boot-starter-data-jpa-1.5.14.BUILD-SNAPSHOT.jar
7f4ae0007000-7f4ae0008000 r--s 00000000 08:07 956365                     /home/victor/.gradle/caches/modules-2/files-2.1/org.springframework.boot/spring-boot-starter-security/1.5.14.BUILD-SNAPSHOT/d4de5c732c063b544c8912de09df688bec672dca/spring-boot-starter-security-1.5.14.BUILD-SNAPSHOT.jar
7f4ae0008000-7f4ae0009000 r--s 00000000 08:07 948344                     /home/victor/.gradle/caches/modules-2/files-2.1/org.springframework.boot/spring-boot-starter-web/1.5.14.BUILD-SNAPSHOT/a1495133766efd2fb1a726067df8b61ec7ecb9dc/spring-boot-starter-web-1.5.14.BUILD-SNAPSHOT.jar
7f4ae0009000-7f4ae000a000 r--s 00000000 08:07 948345                     /home/victor/.gradle/caches/modules-2/files-2.1/org.springframework.cloud/spring-cloud-starter-consul/1.3.3.RELEASE/a7f515f2f0928b49f10c5b70db210355119e7e26/spring-cloud-starter-consul-1.3.3.RELEASE.jar
7f4ae000a000-7f4ae0010000 r--s 00030000 08:07 948349                     /home/victor/.gradle/caches/modules-2/files-2.1/org.springframework.boot/spring-boot-devtools/1.5.14.BUILD-SNAPSHOT/b0e828520ece875b9f29b324b35c4733dfaa6ee8/spring-boot-devtools-1.5.14.BUILD-SNAPSHOT.jar
7f4ae0010000-7f4ae0023000 r--s 000d6000 08:06 2904059                    /usr/lib/jvm/java-8-oracle/jre/lib/plugin.jar
7f4ae0023000-7f4ae0024000 ---p 00000000 00:00 0 
7f4ae0024000-7f4ae0124000 rw-p 00000000 00:00 0 
7f4ae0124000-7f4ae0125000 ---p 00000000 00:00 0 
7f4ae0125000-7f4ae0225000 rw-p 00000000 00:00 0 
7f4ae0225000-7f4ae0226000 ---p 00000000 00:00 0 
7f4ae0226000-7f4ae0326000 rw-p 00000000 00:00 0 
7f4ae0326000-7f4ae0327000 ---p 00000000 00:00 0 
7f4ae0327000-7f4ae0427000 rw-p 00000000 00:00 0 
7f4ae0427000-7f4ae0428000 ---p 00000000 00:00 0 
7f4ae0428000-7f4ae0557000 rw-p 00000000 00:00 0 
7f4ae0557000-7f4ae0a56000 ---p 00000000 00:00 0 
7f4ae0a56000-7f4ae0a85000 rw-p 00000000 00:00 0 
7f4ae0a85000-7f4ae0f83000 ---p 00000000 00:00 0 
7f4ae0f83000-7f4ae1065000 rw-p 00000000 00:00 0 
7f4ae1065000-7f4ae121a000 ---p 00000000 00:00 0 
7f4ae121a000-7f4ae124f000 rw-p 00000000 00:00 0 
7f4ae124f000-7f4ae15db000 ---p 00000000 00:00 0 
7f4ae15db000-7f4ae15f6000 r-xp 00000000 08:06 2904130                    /usr/lib/jvm/java-8-oracle/jre/lib/amd64/libzip.so
7f4ae15f6000-7f4ae17f6000 ---p 0001b000 08:06 2904130                    /usr/lib/jvm/java-8-oracle/jre/lib/amd64/libzip.so
7f4ae17f6000-7f4ae17f7000 rw-p 0001b000 08:06 2904130                    /usr/lib/jvm/java-8-oracle/jre/lib/amd64/libzip.so
7f4ae17f7000-7f4ae1802000 r-xp 00000000 08:06 1835194                    /lib/x86_64-linux-gnu/libnss_files-2.27.so
7f4ae1802000-7f4ae1a01000 ---p 0000b000 08:06 1835194                    /lib/x86_64-linux-gnu/libnss_files-2.27.so
7f4ae1a01000-7f4ae1a02000 r--p 0000a000 08:06 1835194                    /lib/x86_64-linux-gnu/libnss_files-2.27.so
7f4ae1a02000-7f4ae1a03000 rw-p 0000b000 08:06 1835194                    /lib/x86_64-linux-gnu/libnss_files-2.27.so
7f4ae1a03000-7f4ae1a09000 rw-p 00000000 00:00 0 
7f4ae1a09000-7f4ae1a20000 r-xp 00000000 08:06 1835191                    /lib/x86_64-linux-gnu/libnsl-2.27.so
7f4ae1a20000-7f4ae1c1f000 ---p 00017000 08:06 1835191                    /lib/x86_64-linux-gnu/libnsl-2.27.so
7f4ae1c1f000-7f4ae1c20000 r--p 00016000 08:06 1835191                    /lib/x86_64-linux-gnu/libnsl-2.27.so
7f4ae1c20000-7f4ae1c21000 rw-p 00017000 08:06 1835191                    /lib/x86_64-linux-gnu/libnsl-2.27.so
7f4ae1c21000-7f4ae1c23000 rw-p 00000000 00:00 0 
7f4ae1c23000-7f4ae1c2e000 r-xp 00000000 08:06 1835196                    /lib/x86_64-linux-gnu/libnss_nis-2.27.so
7f4ae1c2e000-7f4ae1e2d000 ---p 0000b000 08:06 1835196                    /lib/x86_64-linux-gnu/libnss_nis-2.27.so
7f4ae1e2d000-7f4ae1e2e000 r--p 0000a000 08:06 1835196                    /lib/x86_64-linux-gnu/libnss_nis-2.27.so
7f4ae1e2e000-7f4ae1e2f000 rw-p 0000b000 08:06 1835196                    /lib/x86_64-linux-gnu/libnss_nis-2.27.so
7f4ae1e2f000-7f4ae1e37000 r-xp 00000000 08:06 1835192                    /lib/x86_64-linux-gnu/libnss_compat-2.27.so
7f4ae1e37000-7f4ae2037000 ---p 00008000 08:06 1835192                    /lib/x86_64-linux-gnu/libnss_compat-2.27.so
7f4ae2037000-7f4ae2038000 r--p 00008000 08:06 1835192                    /lib/x86_64-linux-gnu/libnss_compat-2.27.so
7f4ae2038000-7f4ae2039000 rw-p 00009000 08:06 1835192                    /lib/x86_64-linux-gnu/libnss_compat-2.27.so
7f4ae2039000-7f4ae2043000 r-xp 00000000 08:06 2904139                    /usr/lib/jvm/java-8-oracle/jre/lib/amd64/libinstrument.so
7f4ae2043000-7f4ae2242000 ---p 0000a000 08:06 2904139                    /usr/lib/jvm/java-8-oracle/jre/lib/amd64/libinstrument.so
7f4ae2242000-7f4ae2243000 rw-p 00009000 08:06 2904139                    /usr/lib/jvm/java-8-oracle/jre/lib/amd64/libinstrument.so
7f4ae2243000-7f4ae226e000 r-xp 00000000 08:06 2904124                    /usr/lib/jvm/java-8-oracle/jre/lib/amd64/libjava.so
7f4ae226e000-7f4ae246d000 ---p 0002b000 08:06 2904124                    /usr/lib/jvm/java-8-oracle/jre/lib/amd64/libjava.so
7f4ae246d000-7f4ae246f000 rw-p 0002a000 08:06 2904124                    /usr/lib/jvm/java-8-oracle/jre/lib/amd64/libjava.so
7f4ae246f000-7f4ae247c000 r-xp 00000000 08:06 2904129                    /usr/lib/jvm/java-8-oracle/jre/lib/amd64/libverify.so
7f4ae247c000-7f4ae267c000 ---p 0000d000 08:06 2904129                    /usr/lib/jvm/java-8-oracle/jre/lib/amd64/libverify.so
7f4ae267c000-7f4ae267e000 rw-p 0000d000 08:06 2904129                    /usr/lib/jvm/java-8-oracle/jre/lib/amd64/libverify.so
7f4ae267e000-7f4ae2685000 r-xp 00000000 08:06 1835201                    /lib/x86_64-linux-gnu/librt-2.27.so
7f4ae2685000-7f4ae2884000 ---p 00007000 08:06 1835201                    /lib/x86_64-linux-gnu/librt-2.27.so
7f4ae2884000-7f4ae2885000 r--p 00006000 08:06 1835201                    /lib/x86_64-linux-gnu/librt-2.27.so
7f4ae2885000-7f4ae2886000 rw-p 00007000 08:06 1835201                    /lib/x86_64-linux-gnu/librt-2.27.so
7f4ae2886000-7f4ae2a23000 r-xp 00000000 08:06 1835188                    /lib/x86_64-linux-gnu/libm-2.27.so
7f4ae2a23000-7f4ae2c22000 ---p 0019d000 08:06 1835188                    /lib/x86_64-linux-gnu/libm-2.27.so
7f4ae2c22000-7f4ae2c23000 r--p 0019c000 08:06 1835188                    /lib/x86_64-linux-gnu/libm-2.27.so
7f4ae2c23000-7f4ae2c24000 rw-p 0019d000 08:06 1835188                    /lib/x86_64-linux-gnu/libm-2.27.so
7f4ae2c24000-7f4ae38fd000 r-xp 00000000 08:06 3551684                    /usr/lib/jvm/java-8-oracle/jre/lib/amd64/server/libjvm.so
7f4ae38fd000-7f4ae3afc000 ---p 00cd9000 08:06 3551684                    /usr/lib/jvm/java-8-oracle/jre/lib/amd64/server/libjvm.so
7f4ae3afc000-7f4ae3bd6000 rw-p 00cd8000 08:06 3551684                    /usr/lib/jvm/java-8-oracle/jre/lib/amd64/server/libjvm.so
7f4ae3bd6000-7f4ae3c21000 rw-p 00000000 00:00 0 
7f4ae3c21000-7f4ae3e08000 r-xp 00000000 08:06 1835184                    /lib/x86_64-linux-gnu/libc-2.27.so
7f4ae3e08000-7f4ae4008000 ---p 001e7000 08:06 1835184                    /lib/x86_64-linux-gnu/libc-2.27.so
7f4ae4008000-7f4ae400c000 r--p 001e7000 08:06 1835184                    /lib/x86_64-linux-gnu/libc-2.27.so
7f4ae400c000-7f4ae400e000 rw-p 001eb000 08:06 1835184                    /lib/x86_64-linux-gnu/libc-2.27.so
7f4ae400e000-7f4ae4012000 rw-p 00000000 00:00 0 
7f4ae4012000-7f4ae4015000 r-xp 00000000 08:06 1835187                    /lib/x86_64-linux-gnu/libdl-2.27.so
7f4ae4015000-7f4ae4214000 ---p 00003000 08:06 1835187                    /lib/x86_64-linux-gnu/libdl-2.27.so
7f4ae4214000-7f4ae4215000 r--p 00002000 08:06 1835187                    /lib/x86_64-linux-gnu/libdl-2.27.so
7f4ae4215000-7f4ae4216000 rw-p 00003000 08:06 1835187                    /lib/x86_64-linux-gnu/libdl-2.27.so
7f4ae4216000-7f4ae422c000 r-xp 00000000 08:06 2239203                    /usr/lib/jvm/java-8-oracle/lib/amd64/jli/libjli.so
7f4ae422c000-7f4ae442b000 ---p 00016000 08:06 2239203                    /usr/lib/jvm/java-8-oracle/lib/amd64/jli/libjli.so
7f4ae442b000-7f4ae442c000 rw-p 00015000 08:06 2239203                    /usr/lib/jvm/java-8-oracle/lib/amd64/jli/libjli.so
7f4ae442c000-7f4ae4446000 r-xp 00000000 08:06 1835199                    /lib/x86_64-linux-gnu/libpthread-2.27.so
7f4ae4446000-7f4ae4645000 ---p 0001a000 08:06 1835199                    /lib/x86_64-linux-gnu/libpthread-2.27.so
7f4ae4645000-7f4ae4646000 r--p 00019000 08:06 1835199                    /lib/x86_64-linux-gnu/libpthread-2.27.so
7f4ae4646000-7f4ae4647000 rw-p 0001a000 08:06 1835199                    /lib/x86_64-linux-gnu/libpthread-2.27.so
7f4ae4647000-7f4ae464b000 rw-p 00000000 00:00 0 
7f4ae464b000-7f4ae4672000 r-xp 00000000 08:06 1835180                    /lib/x86_64-linux-gnu/ld-2.27.so
7f4ae4672000-7f4ae4673000 r--s 00000000 08:07 948346                     /home/victor/.gradle/caches/modules-2/files-2.1/org.springframework.cloud/spring-cloud-starter-consul-config/1.3.3.RELEASE/fc8ee8d8c991abe45af9c62f91326eec7b9717b0/spring-cloud-starter-consul-config-1.3.3.RELEASE.jar
7f4ae4673000-7f4ae4674000 r--s 00000000 08:07 948339                     /home/victor/.gradle/caches/modules-2/files-2.1/org.springframework.cloud/spring-cloud-starter-consul-discovery/1.3.3.RELEASE/2a23c1b8fd991644e8e577a1772fe2204c020786/spring-cloud-starter-consul-discovery-1.3.3.RELEASE.jar
7f4ae4674000-7f4ae4675000 r--s 00000000 08:07 948342                     /home/victor/.gradle/caches/modules-2/files-2.1/org.springframework.boot/spring-boot-starter-actuator/1.5.14.BUILD-SNAPSHOT/297d8a96a859493aeee4c670497bd61b24791490/spring-boot-starter-actuator-1.5.14.BUILD-SNAPSHOT.jar
7f4ae4675000-7f4ae467b000 r--s 0002b000 08:07 948496                     /home/victor/.gradle/caches/modules-2/files-2.1/org.springframework.cloud/spring-cloud-stream/1.3.2.RELEASE/ae5f406bfa28fc2c8896cfd066f4e45e7992a83/spring-cloud-stream-1.3.2.RELEASE.jar
7f4ae467b000-7f4ae467d000 r--s 00009000 08:07 948341                     /home/victor/.gradle/caches/modules-2/files-2.1/org.springframework.cloud/spring-cloud-bus/1.3.3.RELEASE/bf98e815a38c98c105af28b364e00d1067282879/spring-cloud-bus-1.3.3.RELEASE.jar
7f4ae467d000-7f4ae467f000 r--s 00002000 08:07 948337                     /home/victor/.gradle/caches/modules-2/files-2.1/org.springframework.cloud/spring-cloud-consul-binder/1.3.3.RELEASE/976a28f9809b705a94a29c077f29676b326ba0c8/spring-cloud-consul-binder-1.3.3.RELEASE.jar
7f4ae467f000-7f4ae4680000 r--s 00000000 08:07 948338                     /home/victor/.gradle/caches/modules-2/files-2.1/org.springframework.cloud/spring-cloud-starter-consul-bus/1.3.3.RELEASE/766f8a930e43d0d7697e58d303fe1b8978b1883b/spring-cloud-starter-consul-bus-1.3.3.RELEASE.jar
7f4ae4680000-7f4ae4681000 r--s 00000000 08:07 948340                     /home/victor/.gradle/caches/modules-2/files-2.1/org.springframework.cloud/spring-cloud-starter-consul-all/1.3.3.RELEASE/fc44b711651d25de5e746b5e8a48e12652198363/spring-cloud-starter-consul-all-1.3.3.RELEASE.jar
7f4ae4681000-7f4ae4686000 r--s 0009d000 08:06 2904079                    /usr/lib/jvm/java-8-oracle/jre/lib/jsse.jar
7f4ae4686000-7f4ae46a1000 r--s 0020c000 08:06 2904044                    /usr/lib/jvm/java-8-oracle/jre/lib/deploy.jar
7f4ae46a1000-7f4ae474a000 rw-p 00000000 00:00 0 
7f4ae474a000-7f4ae474b000 ---p 00000000 00:00 0 
7f4ae474b000-7f4ae474e000 ---p 00000000 00:00 0 
7f4ae474e000-7f4ae484f000 rw-p 00000000 00:00 0 
7f4ae484f000-7f4ae4850000 r--s 00000000 08:06 2904050                    /usr/lib/jvm/java-8-oracle/jre/lib/management-agent.jar
7f4ae4850000-7f4ae4852000 r--s 00007000 08:06 2904152                    /usr/lib/jvm/java-8-oracle/jre/lib/jfxswt.jar
7f4ae4852000-7f4ae4857000 r--s 00084000 08:06 2904043                    /usr/lib/jvm/java-8-oracle/jre/lib/jfr.jar
7f4ae4857000-7f4ae485a000 r--s 0001a000 08:06 2904150                    /usr/lib/jvm/java-8-oracle/jre/lib/jce.jar
7f4ae485a000-7f4ae4863000 r--s 0006d000 08:06 2904053                    /usr/lib/jvm/java-8-oracle/jre/lib/javaws.jar
7f4ae4863000-7f4ae4868000 r--s 002f9000 08:06 2904066                    /usr/lib/jvm/java-8-oracle/jre/lib/charsets.jar
7f4ae4868000-7f4ae4870000 rw-s 00000000 08:06 1060691                    /tmp/hsperfdata_victor/16907
7f4ae4870000-7f4ae4871000 rw-p 00000000 00:00 0 
7f4ae4871000-7f4ae4872000 ---p 00000000 00:00 0 
7f4ae4872000-7f4ae4873000 r--p 00027000 08:06 1835180                    /lib/x86_64-linux-gnu/ld-2.27.so
7f4ae4873000-7f4ae4874000 rw-p 00028000 08:06 1835180                    /lib/x86_64-linux-gnu/ld-2.27.so
7f4ae4874000-7f4ae4875000 rw-p 00000000 00:00 0 
7fffd726e000-7fffd7296000 rw-p 00000000 00:00 0                          [stack]
7fffd7386000-7fffd7389000 r--p 00000000 00:00 0                          [vvar]
7fffd7389000-7fffd738b000 r-xp 00000000 00:00 0                          [vdso]
ffffffffff600000-ffffffffff601000 r-xp 00000000 00:00 0                  [vsyscall]

VM Arguments:
jvm_args: -javaagent:/home/victor/dev/idea-IC-173.4548.28/lib/idea_rt.jar=36991:/home/victor/dev/idea-IC-173.4548.28/bin -Dfile.encoding=UTF-8 
java_command: com.devquartzo.crawler.CrawlerControlApplication
java_class_path (initial): /usr/lib/jvm/java-8-oracle/jre/lib/charsets.jar:/usr/lib/jvm/java-8-oracle/jre/lib/deploy.jar:/usr/lib/jvm/java-8-oracle/jre/lib/ext/cldrdata.jar:/usr/lib/jvm/java-8-oracle/jre/lib/ext/dnsns.jar:/usr/lib/jvm/java-8-oracle/jre/lib/ext/jaccess.jar:/usr/lib/jvm/java-8-oracle/jre/lib/ext/jfxrt.jar:/usr/lib/jvm/java-8-oracle/jre/lib/ext/localedata.jar:/usr/lib/jvm/java-8-oracle/jre/lib/ext/nashorn.jar:/usr/lib/jvm/java-8-oracle/jre/lib/ext/sunec.jar:/usr/lib/jvm/java-8-oracle/jre/lib/ext/sunjce_provider.jar:/usr/lib/jvm/java-8-oracle/jre/lib/ext/sunpkcs11.jar:/usr/lib/jvm/java-8-oracle/jre/lib/ext/zipfs.jar:/usr/lib/jvm/java-8-oracle/jre/lib/javaws.jar:/usr/lib/jvm/java-8-oracle/jre/lib/jce.jar:/usr/lib/jvm/java-8-oracle/jre/lib/jfr.jar:/usr/lib/jvm/java-8-oracle/jre/lib/jfxswt.jar:/usr/lib/jvm/java-8-oracle/jre/lib/jsse.jar:/usr/lib/jvm/java-8-oracle/jre/lib/management-agent.jar:/usr/lib/jvm/java-8-oracle/jre/lib/plugin.jar:/usr/lib/jvm/java-8-oracle/jre/lib/resources.jar:/usr/lib/jvm/java-8-oracle/jre/lib/rt.jar:/home/victor/dev/projects/microservice-arch/soundtrack-multi-module/st-album/out/production/classes:/home/victor/dev/projects/microservice-arch/soundtrack-multi-module/st-album/out/production/resources:/home/victor/.gradle/caches/modules-2/files-2.1/org.springframework.cloud/spring-cloud-starter-consul-all/1.3.3.RELEASE/fc44b711651d25de5e746b5e8a48e12652198363/spring-cloud-starter-consul-all-1.3.3.RELEASE.jar:/home/victor/.gradle/caches/modules-2/files-2.1/org.springframework.cloud/spring-cloud-starter-consul-bus/1.3.3.RELEASE/766f8a930e43d0d7697e58d303fe1b8978b1883b/spring-cloud-starter-consul-bus-1.3.3.RELEASE.jar:/home/victor/.gradle/caches/modules-2/files-2.1/org.springframework.cloud/spring-cloud-consul-binder/1.3.3.RELEASE/976a28f9809b705a94a29c077f29676b326ba0c8/spring-cloud-consul-binder-1.3.3.RELEASE.jar:/home/victor/.gradle/caches/modules-2/files-2.1/org.springframework.cloud/spring-cloud-bus/1.3.3.RELEASE/bf98e815a38c98c1
Launcher Type: SUN_STANDARD

Environment Variables:
JAVA_HOME=/usr/lib/jvm/java-8-oracle
PATH=/home/linuxbrew/.linuxbrew/bin:/home/linuxbrew/.linuxbrew/sbin:/home/victor/bin:/home/victor/.local/bin:/usr/local/sbin:/usr/local/bin:/usr/sbin:/usr/bin:/sbin:/bin:/usr/games:/usr/local/games:/snap/bin:/usr/lib/jvm/java-8-oracle/bin:/usr/lib/jvm/java-8-oracle/db/bin:/usr/lib/jvm/java-8-oracle/jre/bin
USERNAME=victor
SHELL=/bin/bash
DISPLAY=:1

Signal Handlers:
SIGSEGV: [libjvm.so+0xad0890], sa_mask[0]=11111111011111111101111111111110, sa_flags=SA_RESTART|SA_SIGINFO
SIGBUS: [libjvm.so+0xad0890], sa_mask[0]=11111111011111111101111111111110, sa_flags=SA_RESTART|SA_SIGINFO
SIGFPE: [libjvm.so+0x928640], sa_mask[0]=11111111011111111101111111111110, sa_flags=SA_RESTART|SA_SIGINFO
SIGPIPE: [libjvm.so+0x928640], sa_mask[0]=11111111011111111101111111111110, sa_flags=SA_RESTART|SA_SIGINFO
SIGXFSZ: [libjvm.so+0x928640], sa_mask[0]=11111111011111111101111111111110, sa_flags=SA_RESTART|SA_SIGINFO
SIGILL: [libjvm.so+0x928640], sa_mask[0]=11111111011111111101111111111110, sa_flags=SA_RESTART|SA_SIGINFO
SIGUSR1: SIG_DFL, sa_mask[0]=00000000000000000000000000000000, sa_flags=none
SIGUSR2: [libjvm.so+0x929ea0], sa_mask[0]=00100000000000000000000000000000, sa_flags=SA_RESTART|SA_SIGINFO
SIGHUP: [libjvm.so+0x92b2a0], sa_mask[0]=11111111011111111101111111111110, sa_flags=SA_RESTART|SA_SIGINFO
SIGINT: [libjvm.so+0x92b2a0], sa_mask[0]=11111111011111111101111111111110, sa_flags=SA_RESTART|SA_SIGINFO
SIGTERM: [libjvm.so+0x92b2a0], sa_mask[0]=11111111011111111101111111111110, sa_flags=SA_RESTART|SA_SIGINFO
SIGQUIT: [libjvm.so+0x92b2a0], sa_mask[0]=11111111011111111101111111111110, sa_flags=SA_RESTART|SA_SIGINFO


---------------  S Y S T E M  ---------------

OS:DISTRIB_ID=Ubuntu
DISTRIB_RELEASE=18.04
DISTRIB_CODENAME=bionic
DISTRIB_DESCRIPTION="Ubuntu 18.04 LTS"

uname:Linux 4.15.0-23-generic #25-Ubuntu SMP Wed May 23 18:02:16 UTC 2018 x86_64
libc:glibc 2.27 NPTL 2.27 
rlimit: STACK 8192k, CORE 0k, NPROC 63169, NOFILE 1048576, AS infinity
load average:3,01 1,75 1,17

/proc/meminfo:
MemTotal:       16283072 kB
MemFree:          147348 kB
MemAvailable:      88920 kB
Buffers:            3004 kB
Cached:           200516 kB
SwapCached:        26968 kB
Active:         13833992 kB
Inactive:        1391100 kB
Active(anon):   13774232 kB
Inactive(anon):  1314284 kB
Active(file):      59760 kB
Inactive(file):    76816 kB
Unevictable:          64 kB
Mlocked:              64 kB
SwapTotal:       1026044 kB
SwapFree:              0 kB
Dirty:               920 kB
Writeback:             0 kB
AnonPages:      14995516 kB
Mapped:           452356 kB
Shmem:             66508 kB
Slab:             323768 kB
SReclaimable:      93084 kB
SUnreclaim:       230684 kB
KernelStack:       30608 kB
PageTables:       130788 kB
NFS_Unstable:          0 kB
Bounce:                0 kB
WritebackTmp:          0 kB
CommitLimit:     9167580 kB
Committed_AS:   30458704 kB
VmallocTotal:   34359738367 kB
VmallocUsed:           0 kB
VmallocChunk:          0 kB
HardwareCorrupted:     0 kB
AnonHugePages:     71680 kB
ShmemHugePages:        0 kB
ShmemPmdMapped:        0 kB
CmaTotal:              0 kB
CmaFree:               0 kB
HugePages_Total:       0
HugePages_Free:        0
HugePages_Rsvd:        0
HugePages_Surp:        0
Hugepagesize:       2048 kB
DirectMap4k:     1003416 kB
DirectMap2M:    14583808 kB
DirectMap1G:     1048576 kB


CPU:total 8 (initial active 8) (4 cores per cpu, 2 threads per core) family 6 model 158 stepping 9, cmov, cx8, fxsr, mmx, sse, sse2, sse3, ssse3, sse4.1, sse4.2, popcnt, avx, avx2, aes, clmul, erms, rtm, 3dnowpref, lzcnt, ht, tsc, tscinvbit, bmi1, bmi2, adx

/proc/cpuinfo:
processor	: 0
vendor_id	: GenuineIntel
cpu family	: 6
model		: 158
model name	: Intel(R) Core(TM) i7-7820HQ CPU @ 2.90GHz
stepping	: 9
microcode	: 0x84
cpu MHz		: 3249.345
cache size	: 8192 KB
physical id	: 0
siblings	: 8
core id		: 0
cpu cores	: 4
apicid		: 0
initial apicid	: 0
fpu		: yes
fpu_exception	: yes
cpuid level	: 22
wp		: yes
flags		: fpu vme de pse tsc msr pae mce cx8 apic sep mtrr pge mca cmov pat pse36 clflush dts acpi mmx fxsr sse sse2 ss ht tm pbe syscall nx pdpe1gb rdtscp lm constant_tsc art arch_perfmon pebs bts rep_good nopl xtopology nonstop_tsc cpuid aperfmperf tsc_known_freq pni pclmulqdq dtes64 monitor ds_cpl vmx smx est tm2 ssse3 sdbg fma cx16 xtpr pdcm pcid sse4_1 sse4_2 x2apic movbe popcnt tsc_deadline_timer aes xsave avx f16c rdrand lahf_lm abm 3dnowprefetch cpuid_fault epb invpcid_single pti ibrs ibpb stibp tpr_shadow vnmi flexpriority ept vpid fsgsbase tsc_adjust bmi1 hle avx2 smep bmi2 erms invpcid rtm mpx rdseed adx smap clflushopt intel_pt xsaveopt xsavec xgetbv1 xsaves dtherm ida arat pln pts hwp hwp_notify hwp_act_window hwp_epp
bugs		: cpu_meltdown spectre_v1 spectre_v2 spec_store_bypass
bogomips	: 5808.00
clflush size	: 64
cache_alignment	: 64
address sizes	: 39 bits physical, 48 bits virtual
power management:

processor	: 1
vendor_id	: GenuineIntel
cpu family	: 6
model		: 158
model name	: Intel(R) Core(TM) i7-7820HQ CPU @ 2.90GHz
stepping	: 9
microcode	: 0x84
cpu MHz		: 3248.969
cache size	: 8192 KB
physical id	: 0
siblings	: 8
core id		: 1
cpu cores	: 4
apicid		: 2
initial apicid	: 2
fpu		: yes
fpu_exception	: yes
cpuid level	: 22
wp		: yes
flags		: fpu vme de pse tsc msr pae mce cx8 apic sep mtrr pge mca cmov pat pse36 clflush dts acpi mmx fxsr sse sse2 ss ht tm pbe syscall nx pdpe1gb rdtscp lm constant_tsc art arch_perfmon pebs bts rep_good nopl xtopology nonstop_tsc cpuid aperfmperf tsc_known_freq pni pclmulqdq dtes64 monitor ds_cpl vmx smx est tm2 ssse3 sdbg fma cx16 xtpr pdcm pcid sse4_1 sse4_2 x2apic movbe popcnt tsc_deadline_timer aes xsave avx f16c rdrand lahf_lm abm 3dnowprefetch cpuid_fault epb invpcid_single pti ibrs ibpb stibp tpr_shadow vnmi flexpriority ept vpid fsgsbase tsc_adjust bmi1 hle avx2 smep bmi2 erms invpcid rtm mpx rdseed adx smap clflushopt intel_pt xsaveopt xsavec xgetbv1 xsaves dtherm ida arat pln pts hwp hwp_notify hwp_act_window hwp_epp
bugs		: cpu_meltdown spectre_v1 spectre_v2 spec_store_bypass
bogomips	: 5808.00
clflush size	: 64
cache_alignment	: 64
address sizes	: 39 bits physical, 48 bits virtual
power management:

processor	: 2
vendor_id	: GenuineIntel
cpu family	: 6
model		: 158
model name	: Intel(R) Core(TM) i7-7820HQ CPU @ 2.90GHz
stepping	: 9
microcode	: 0x84
cpu MHz		: 3220.040
cache size	: 8192 KB
physical id	: 0
siblings	: 8
core id		: 2
cpu cores	: 4
apicid		: 4
initial apicid	: 4
fpu		: yes
fpu_exception	: yes
cpuid level	: 22
wp		: yes
flags		: fpu vme de pse tsc msr pae mce cx8 apic sep mtrr pge mca cmov pat pse36 clflush dts acpi mmx fxsr sse sse2 ss ht tm pbe syscall nx pdpe1gb rdtscp lm constant_tsc art arch_perfmon pebs bts rep_good nopl xtopology nonstop_tsc cpuid aperfmperf tsc_known_freq pni pclmulqdq dtes64 monitor ds_cpl vmx smx est tm2 ssse3 sdbg fma cx16 xtpr pdcm pcid sse4_1 sse4_2 x2apic movbe popcnt tsc_deadline_timer aes xsave avx f16c rdrand lahf_lm abm 3dnowprefetch cpuid_fault epb invpcid_single pti ibrs ibpb stibp tpr_shadow vnmi flexpriority ept vpid fsgsbase tsc_adjust bmi1 hle avx2 smep bmi2 erms invpcid rtm mpx rdseed adx smap clflushopt intel_pt xsaveopt xsavec xgetbv1 xsaves dtherm ida arat pln pts hwp hwp_notify hwp_act_window hwp_epp
bugs		: cpu_meltdown spectre_v1 spectre_v2 spec_store_bypass
bogomips	: 5808.00
clflush size	: 64
cache_alignment	: 64
address sizes	: 39 bits physical, 48 bits virtual
power management:

processor	: 3
vendor_id	: GenuineIntel
cpu family	: 6
model		: 158
model name	: Intel(R) Core(TM) i7-7820HQ CPU @ 2.90GHz
stepping	: 9
microcode	: 0x84
cpu MHz		: 3221.630
cache size	: 8192 KB
physical id	: 0
siblings	: 8
core id		: 3
cpu cores	: 4
apicid		: 6
initial apicid	: 6
fpu		: yes
fpu_exception	: yes
cpuid level	: 22
wp		: yes
flags		: fpu vme de pse tsc msr pae mce cx8 apic sep mtrr pge mca cmov pat pse36 clflush dts acpi mmx fxsr sse sse2 ss ht tm pbe syscall nx pdpe1gb rdtscp lm constant_tsc art arch_perfmon pebs bts rep_good nopl xtopology nonstop_tsc cpuid aperfmperf tsc_known_freq pni pclmulqdq dtes64 monitor ds_cpl vmx smx est tm2 ssse3 sdbg fma cx16 xtpr pdcm pcid sse4_1 sse4_2 x2apic movbe popcnt tsc_deadline_timer aes xsave avx f16c rdrand lahf_lm abm 3dnowprefetch cpuid_fault epb invpcid_single pti ibrs ibpb stibp tpr_shadow vnmi flexpriority ept vpid fsgsbase tsc_adjust bmi1 hle avx2 smep bmi2 erms invpcid rtm mpx rdseed adx smap clflushopt intel_pt xsaveopt xsavec xgetbv1 xsaves dtherm ida arat pln pts hwp hwp_notify hwp_act_window hwp_epp
bugs		: cpu_meltdown spectre_v1 spectre_v2 spec_store_bypass
bogomips	: 5808.00
clflush size	: 64
cache_alignment	: 64
address sizes	: 39 bits physical, 48 bits virtual
power management:

processor	: 4
vendor_id	: GenuineIntel
cpu family	: 6
model		: 158
model name	: Intel(R) Core(TM) i7-7820HQ CPU @ 2.90GHz
stepping	: 9
microcode	: 0x84
cpu MHz		: 3247.915
cache size	: 8192 KB
physical id	: 0
siblings	: 8
core id		: 0
cpu cores	: 4
apicid		: 1
initial apicid	: 1
fpu		: yes
fpu_exception	: yes
cpuid level	: 22
wp		: yes
flags		: fpu vme de pse tsc msr pae mce cx8 apic sep mtrr pge mca cmov pat pse36 clflush dts acpi mmx fxsr sse sse2 ss ht tm pbe syscall nx pdpe1gb rdtscp lm constant_tsc art arch_perfmon pebs bts rep_good nopl xtopology nonstop_tsc cpuid aperfmperf tsc_known_freq pni pclmulqdq dtes64 monitor ds_cpl vmx smx est tm2 ssse3 sdbg fma cx16 xtpr pdcm pcid sse4_1 sse4_2 x2apic movbe popcnt tsc_deadline_timer aes xsave avx f16c rdrand lahf_lm abm 3dnowprefetch cpuid_fault epb invpcid_single pti ibrs ibpb stibp tpr_shadow vnmi flexpriority ept vpid fsgsbase tsc_adjust bmi1 hle avx2 smep bmi2 erms invpcid rtm mpx rdseed adx smap clflushopt intel_pt xsaveopt xsavec xgetbv1 xsaves dtherm ida arat pln pts hwp hwp_notify hwp_act_window hwp_epp
bugs		: cpu_meltdown spectre_v1 spectre_v2 spec_store_bypass
bogomips	: 5808.00
clflush size	: 64
cache_alignment	: 64
address sizes	: 39 bits physical, 48 bits virtual
power management:

processor	: 5
vendor_id	: GenuineIntel
cpu family	: 6
model		: 158
model name	: Intel(R) Core(TM) i7-7820HQ CPU @ 2.90GHz
stepping	: 9
microcode	: 0x84
cpu MHz		: 3247.572
cache size	: 8192 KB
physical id	: 0
siblings	: 8
core id		: 1
cpu cores	: 4
apicid		: 3
initial apicid	: 3
fpu		: yes
fpu_exception	: yes
cpuid level	: 22
wp		: yes
flags		: fpu vme de pse tsc msr pae mce cx8 apic sep mtrr pge mca cmov pat pse36 clflush dts acpi mmx fxsr sse sse2 ss ht tm pbe syscall nx pdpe1gb rdtscp lm constant_tsc art arch_perfmon pebs bts rep_good nopl xtopology nonstop_tsc cpuid aperfmperf tsc_known_freq pni pclmulqdq dtes64 monitor ds_cpl vmx smx est tm2 ssse3 sdbg fma cx16 xtpr pdcm pcid sse4_1 sse4_2 x2apic movbe popcnt tsc_deadline_timer aes xsave avx f16c rdrand lahf_lm abm 3dnowprefetch cpuid_fault epb invpcid_single pti ibrs ibpb stibp tpr_shadow vnmi flexpriority ept vpid fsgsbase tsc_adjust bmi1 hle avx2 smep bmi2 erms invpcid rtm mpx rdseed adx smap clflushopt intel_pt xsaveopt xsavec xgetbv1 xsaves dtherm ida arat pln pts hwp hwp_notify hwp_act_window hwp_epp
bugs		: cpu_meltdown spectre_v1 spectre_v2 spec_store_bypass
bogomips	: 5808.00
clflush size	: 64
cache_alignment	: 64
address sizes	: 39 bits physical, 48 bits virtual
power management:

processor	: 6
vendor_id	: GenuineIntel
cpu family	: 6
model		: 158
model name	: Intel(R) Core(TM) i7-7820HQ CPU @ 2.90GHz
stepping	: 9
microcode	: 0x84
cpu MHz		: 3217.192
cache size	: 8192 KB
physical id	: 0
siblings	: 8
core id		: 2
cpu cores	: 4
apicid		: 5
initial apicid	: 5
fpu		: yes
fpu_exception	: yes
cpuid level	: 22
wp		: yes
flags		: fpu vme de pse tsc msr pae mce cx8 apic sep mtrr pge mca cmov pat pse36 clflush dts acpi mmx fxsr sse sse2 ss ht tm pbe syscall nx pdpe1gb rdtscp lm constant_tsc art arch_perfmon pebs bts rep_good nopl xtopology nonstop_tsc cpuid aperfmperf tsc_known_freq pni pclmulqdq dtes64 monitor ds_cpl vmx smx est tm2 ssse3 sdbg fma cx16 xtpr pdcm pcid sse4_1 sse4_2 x2apic movbe popcnt tsc_deadline_timer aes xsave avx f16c rdrand lahf_lm abm 3dnowprefetch cpuid_fault epb invpcid_single pti ibrs ibpb stibp tpr_shadow vnmi flexpriority ept vpid fsgsbase tsc_adjust bmi1 hle avx2 smep bmi2 erms invpcid rtm mpx rdseed adx smap clflushopt intel_pt xsaveopt xsavec xgetbv1 xsaves dtherm ida arat pln pts hwp hwp_notify hwp_act_window hwp_epp
bugs		: cpu_meltdown spectre_v1 spectre_v2 spec_store_bypass
bogomips	: 5808.00
clflush size	: 64
cache_alignment	: 64
address sizes	: 39 bits physical, 48 bits virtual
power management:

processor	: 7
vendor_id	: GenuineIntel
cpu family	: 6
model		: 158
model name	: Intel(R) Core(TM) i7-7820HQ CPU @ 2.90GHz
stepping	: 9
microcode	: 0x84
cpu MHz		: 3246.930
cache size	: 8192 KB
physical id	: 0
siblings	: 8
core id		: 3
cpu cores	: 4
apicid		: 7
initial apicid	: 7
fpu		: yes
fpu_exception	: yes
cpuid level	: 22
wp		: yes
flags		: fpu vme de pse tsc msr pae mce cx8 apic sep mtrr pge mca cmov pat pse36 clflush dts acpi mmx fxsr sse sse2 ss ht tm pbe syscall nx pdpe1gb rdtscp lm constant_tsc art arch_perfmon pebs bts rep_good nopl xtopology nonstop_tsc cpuid aperfmperf tsc_known_freq pni pclmulqdq dtes64 monitor ds_cpl vmx smx est tm2 ssse3 sdbg fma cx16 xtpr pdcm pcid sse4_1 sse4_2 x2apic movbe popcnt tsc_deadline_timer aes xsave avx f16c rdrand lahf_lm abm 3dnowprefetch cpuid_fault epb invpcid_single pti ibrs ibpb stibp tpr_shadow vnmi flexpriority ept vpid fsgsbase tsc_adjust bmi1 hle avx2 smep bmi2 erms invpcid rtm mpx rdseed adx smap clflushopt intel_pt xsaveopt xsavec xgetbv1 xsaves dtherm ida arat pln pts hwp hwp_notify hwp_act_window hwp_epp
bugs		: cpu_meltdown spectre_v1 spectre_v2 spec_store_bypass
bogomips	: 5808.00
clflush size	: 64
cache_alignment	: 64
address sizes	: 39 bits physical, 48 bits virtual
power management:



Memory: 4k page, physical 16283072k(151288k free), swap 1026044k(0k free)

vm_info: Java HotSpot(TM) 64-Bit Server VM (25.171-b11) for linux-amd64 JRE (1.8.0_171-b11), built on Mar 28 2018 17:07:08 by "java_re" with gcc 4.3.0 20080428 (Red Hat 4.3.0-8)

time: Fri Jul 13 17:15:03 2018
elapsed time: 6 seconds (0d 0h 0m 6s)

